#
# There is insufficient memory for the Java Runtime Environment to continue.
# Native memory allocation (mmap) failed to map 65536 bytes for Failed to commit metaspace.
# Possible reasons:
#   The system is out of physical RAM or swap space
#   The process is running with CompressedOops enabled, and the Java Heap may be blocking the growth of the native heap
# Possible solutions:
#   Reduce memory load on the system
#   Increase physical memory or swap space
#   Check if swap backing store is full
#   Decrease Java heap size (-Xmx/-Xms)
#   Decrease number of Java threads
#   Decrease Java thread stack sizes (-Xss)
#   Set larger code cache with -XX:ReservedCodeCacheSize=
#   JVM is running with Unscaled Compressed Oops mode in which the Java heap is
#     placed in the first 4GB address space. The Java Heap base address is the
#     maximum limit for the native heap growth. Please use -XX:HeapBaseMinAddress
#     to set the Java Heap base and to place the Java Heap above 4GB virtual address.
# This output file may be truncated or incomplete.
#
#  Out of Memory Error (virtualSpaceNode.cpp:110), pid=328, tid=8816
#
# JRE version: Java(TM) SE Runtime Environment (20.0.1+9) (build 20.0.1+9-29)
# Java VM: Java HotSpot(TM) 64-Bit Server VM (20.0.1+9-29, mixed mode, sharing, tiered, compressed oops, compressed class ptrs, g1 gc, windows-amd64)
# No core dump will be written. Minidumps are not enabled by default on client versions of Windows
#

---------------  S U M M A R Y ------------

Command Line: -javaagent:C:\Program Files\JetBrains\IntelliJ IDEA Community Edition 2023.2\lib\idea_rt.jar=49496:C:\Program Files\JetBrains\IntelliJ IDEA Community Edition 2023.2\bin -Dfile.encoding=UTF-8 -Dsun.stdout.encoding=UTF-8 -Dsun.stderr.encoding=UTF-8 com.geekster.Room.APP.RoomAppApplication

Host: Intel(R) Core(TM) i3-7020U CPU @ 2.30GHz, 4 cores, 3G,  Windows 10 , 64 bit Build 19041 (10.0.19041.3393)
Time: Wed Sep 20 13:32:36 2023 India Standard Time elapsed time: 1.487455 seconds (0d 0h 0m 1s)

---------------  T H R E A D  ---------------

Current thread (0x0000025379adbcf0):  JavaThread "main" [_thread_in_vm, id=8816, stack(0x000000aa69100000,0x000000aa69200000)]

Stack: [0x000000aa69100000,0x000000aa69200000]
Native frames: (J=compiled Java code, j=interpreted, Vv=VM code, C=native code)
V  [jvm.dll+0x6bb95a]
V  [jvm.dll+0x8485fa]
V  [jvm.dll+0x84a1f5]
V  [jvm.dll+0x84a8f3]
V  [jvm.dll+0x280b0f]
V  [jvm.dll+0x84453b]
V  [jvm.dll+0x65fd86]
V  [jvm.dll+0x1eb4e7]
V  [jvm.dll+0x6627a2]
V  [jvm.dll+0x66258e]
V  [jvm.dll+0x66079e]
V  [jvm.dll+0x26da71]
V  [jvm.dll+0x21bea7]
V  [jvm.dll+0x211780]
V  [jvm.dll+0x59c26c]
V  [jvm.dll+0x7c3693]
V  [jvm.dll+0x7c3774]
V  [jvm.dll+0x46c524]
V  [jvm.dll+0x471a88]
C  [java.dll+0x17ec]

Java frames: (J=compiled Java code, j=interpreted, Vv=VM code)
j  java.lang.ClassLoader.defineClass1(Ljava/lang/ClassLoader;Ljava/lang/String;[BIILjava/security/ProtectionDomain;Ljava/lang/String;)Ljava/lang/Class;+0 java.base@20.0.1
j  java.lang.ClassLoader.defineClass(Ljava/lang/String;[BIILjava/security/ProtectionDomain;)Ljava/lang/Class;+27 java.base@20.0.1
j  java.security.SecureClassLoader.defineClass(Ljava/lang/String;[BIILjava/security/CodeSource;)Ljava/lang/Class;+12 java.base@20.0.1
j  jdk.internal.loader.BuiltinClassLoader.defineClass(Ljava/lang/String;Ljdk/internal/loader/Resource;)Ljava/lang/Class;+117 java.base@20.0.1
j  jdk.internal.loader.BuiltinClassLoader.findClassOnClassPathOrNull(Ljava/lang/String;)Ljava/lang/Class;+37 java.base@20.0.1
J 486 c1 jdk.internal.loader.BuiltinClassLoader.loadClassOrNull(Ljava/lang/String;Z)Ljava/lang/Class; java.base@20.0.1 (143 bytes) @ 0x000002530808fbb4 [0x000002530808f140+0x0000000000000a74]
j  jdk.internal.loader.BuiltinClassLoader.loadClass(Ljava/lang/String;Z)Ljava/lang/Class;+3 java.base@20.0.1
j  jdk.internal.loader.ClassLoaders$AppClassLoader.loadClass(Ljava/lang/String;Z)Ljava/lang/Class;+36 java.base@20.0.1
j  java.lang.ClassLoader.loadClass(Ljava/lang/String;)Ljava/lang/Class;+3 java.base@20.0.1
v  ~StubRoutines::call_stub 0x000002530f52100d
j  org.springframework.boot.WebApplicationType.deduceFromClasspath()Lorg/springframework/boot/WebApplicationType;+3
j  org.springframework.boot.SpringApplication.<init>(Lorg/springframework/core/io/ResourceLoader;[Ljava/lang/Class;)V+105
j  org.springframework.boot.SpringApplication.<init>([Ljava/lang/Class;)V+3
j  org.springframework.boot.SpringApplication.run([Ljava/lang/Class;[Ljava/lang/String;)Lorg/springframework/context/ConfigurableApplicationContext;+5
j  org.springframework.boot.SpringApplication.run(Ljava/lang/Class;[Ljava/lang/String;)Lorg/springframework/context/ConfigurableApplicationContext;+9
j  com.geekster.Room.APP.RoomAppApplication.main([Ljava/lang/String;)V+3
v  ~StubRoutines::call_stub 0x000002530f52100d

Compiled method (c1)    1558  486   !   3       jdk.internal.loader.BuiltinClassLoader::loadClassOrNull (143 bytes)
 total in heap  [0x000002530808ee90,0x00000253080906b8] = 6184
 relocation     [0x000002530808efd8,0x000002530808f130] = 344
 main code      [0x000002530808f140,0x0000025308090008] = 3784
 stub code      [0x0000025308090008,0x00000253080900c8] = 192
 metadata       [0x00000253080900c8,0x0000025308090128] = 96
 scopes data    [0x0000025308090128,0x0000025308090350] = 552
 scopes pcs     [0x0000025308090350,0x0000025308090530] = 480
 dependencies   [0x0000025308090530,0x0000025308090540] = 16
 handler table  [0x0000025308090540,0x0000025308090690] = 336
 nul chk table  [0x0000025308090690,0x00000253080906b8] = 40

[Constant Pool (empty)]

[MachCode]
[Entry Point]
  # {method} {0x0000000800069738} 'loadClassOrNull' '(Ljava/lang/String;Z)Ljava/lang/Class;' in 'jdk/internal/loader/BuiltinClassLoader'
  # this:     rdx:rdx   = 'jdk/internal/loader/BuiltinClassLoader'
  # parm0:    r8:r8     = 'java/lang/String'
  # parm1:    r9        = boolean
  #           [sp+0xd0]  (sp of caller)
  0x000002530808f140: 448b 5208 | 49bb 0000 | 0000 0800 | 0000 4d03 | d34c 3bd0 

  0x000002530808f154: ;   {runtime_call ic_miss_stub}
  0x000002530808f154: 0f85 a64c | 4f07 660f | 1f44 0000 
[Verified Entry Point]
  0x000002530808f160: 8984 2400 | 80ff ff55 | 4881 ecc0 | 0000 0090 | 4181 7f20 | 0100 0000 

  0x000002530808f178: ;   {runtime_call StubRoutines (2)}
  0x000002530808f178: 7405 e801 | ab4d 0748 | 8954 2468 

  0x000002530808f184: ;   {metadata(method data for {method} {0x0000000800069738} 'loadClassOrNull' '(Ljava/lang/String;Z)Ljava/lang/Class;' in 'jdk/internal/loader/BuiltinClassLoader')}
  0x000002530808f184: 48be a8a8 | 0e17 5302 | 0000 8bbe | cc00 0000 | 83c7 0289 | becc 0000 | 0081 e7fe | 0700 0083 
  0x000002530808f1a4: ff00 0f84 | 380c 0000 | 4489 4c24 | 7848 8bf2 

  0x000002530808f1b4: ;   {metadata(method data for {method} {0x0000000800069738} 'loadClassOrNull' '(Ljava/lang/String;Z)Ljava/lang/Class;' in 'jdk/internal/loader/BuiltinClassLoader')}
  0x000002530808f1b4: 48bf a8a8 | 0e17 5302 | 0000 8b76 | 0849 ba00 | 0000 0008 | 0000 0049 | 03f2 483b | b720 0100 
  0x000002530808f1d4: 0075 0d48 | 8387 2801 | 0000 01e9 | 6000 0000 | 483b b730 | 0100 0075 | 0d48 8387 | 3801 0000 
  0x000002530808f1f4: 01e9 4a00 | 0000 4883 | bf20 0100 | 0000 7517 | 4889 b720 | 0100 0048 | c787 2801 | 0000 0100 
  0x000002530808f214: 0000 e929 | 0000 0048 | 83bf 3001 | 0000 0075 | 1748 89b7 | 3001 0000 | 48c7 8738 | 0100 0001 
  0x000002530808f234: 0000 00e9 | 0800 0000 | 4883 8710 | 0100 0001 | 498b f04c | 8bc6 488b | fa48 8bd7 | 4889 7424 
  0x000002530808f254: ;   {optimized virtual_call}
  0x000002530808f254: 7066 90e8 

  0x000002530808f258: ; ImmutableOopMap {[104]=Oop [112]=Oop }
                      ;*invokevirtual getClassLoadingLock {reexecute=0 rethrow=0 return_oop=0}
                      ; - jdk.internal.loader.BuiltinClassLoader::loadClassOrNull@2 (line 651)
  0x000002530808f258: 04da 0600 | 4889 8424 | 8000 0000 | 488d 9424 | a000 0000 | 488b f048 | 8972 0848 | 8b06 4883 
  0x000002530808f278: c801 4889 | 02f0 480f | b116 0f84 | 1200 0000 | 482b c448 | 2507 f0ff | ff48 8902 | 0f85 700b 
  0x000002530808f298: 0000 49ff | 8778 0400 | 0048 8b54 

  0x000002530808f2a4: ;   {metadata(method data for {method} {0x0000000800069738} 'loadClassOrNull' '(Ljava/lang/String;Z)Ljava/lang/Class;' in 'jdk/internal/loader/BuiltinClassLoader')}
  0x000002530808f2a4: 2468 48be | a8a8 0e17 | 5302 0000 | 4883 8648 | 0100 0001 

  0x000002530808f2b8: ;   {metadata(method data for {method} {0x0000000800436a50} 'findLoadedClass' '(Ljava/lang/String;)Ljava/lang/Class;' in 'java/lang/ClassLoader')}
  0x000002530808f2b8: 48ba a8af | 0e17 5302 | 0000 8bb2 | cc00 0000 | 83c6 0289 | b2cc 0000 | 0081 e6fe | ff1f 0083 
  0x000002530808f2d8: fe00 0f84 | 3d0b 0000 

  0x000002530808f2e0: ;   {metadata(method data for {method} {0x0000000800436a50} 'findLoadedClass' '(Ljava/lang/String;)Ljava/lang/Class;' in 'java/lang/ClassLoader')}
  0x000002530808f2e0: 48ba a8af | 0e17 5302 | 0000 4883 | 8210 0100 | 0001 488b 

  0x000002530808f2f4: ;   {static_call}
  0x000002530808f2f4: 5424 70e8 

  0x000002530808f2f8: ; ImmutableOopMap {[104]=Oop [112]=Oop [128]=Oop [168]=Oop }
                      ;*invokestatic checkName {reexecute=0 rethrow=0 return_oop=0}
                      ; - java.lang.ClassLoader::findLoadedClass@1 (line 1284)
                      ; - jdk.internal.loader.BuiltinClassLoader::loadClassOrNull@10 (line 653)
  0x000002530808f2f8: e42d feff 

  0x000002530808f2fc: ;   {metadata(method data for {method} {0x0000000800436a50} 'findLoadedClass' '(Ljava/lang/String;)Ljava/lang/Class;' in 'java/lang/ClassLoader')}
  0x000002530808f2fc: 83f8 0049 | b8a8 af0e | 1753 0200 | 0048 ba20 | 0100 0000 | 0000 000f | 850a 0000 | 0048 ba30 
  0x000002530808f31c: 0100 0000 | 0000 0049 | 8b34 1048 | 8d76 0149 | 8934 100f | 850f 0000 

  0x000002530808f334: ;   {oop(NULL)}
  0x000002530808f334: 0048 be00 | 0000 0000 | 0000 00e9 | 2b00 0000 | 488b 5424 

  0x000002530808f348: ;   {metadata(method data for {method} {0x0000000800436a50} 'findLoadedClass' '(Ljava/lang/String;)Ljava/lang/Class;' in 'java/lang/ClassLoader')}
  0x000002530808f348: 6849 b8a8 | af0e 1753 | 0200 0049 | 8380 4001 | 0000 014c | 8b44 2470 | 488b 5424 

  0x000002530808f364: ;   {optimized virtual_call}
  0x000002530808f364: 6866 90e8 

  0x000002530808f368: ; ImmutableOopMap {[104]=Oop [112]=Oop [128]=Oop [168]=Oop }
                      ;*invokevirtual findLoadedClass0 {reexecute=0 rethrow=0 return_oop=0}
                      ; - java.lang.ClassLoader::findLoadedClass@11 (line 1286)
                      ; - jdk.internal.loader.BuiltinClassLoader::loadClassOrNull@10 (line 653)
  0x000002530808f368: d4ab a507 | 488b f048 

  0x000002530808f370: ;   {metadata(method data for {method} {0x0000000800069738} 'loadClassOrNull' '(Ljava/lang/String;Z)Ljava/lang/Class;' in 'jdk/internal/loader/BuiltinClassLoader')}
  0x000002530808f370: 83fe 0049 | b8a8 a80e | 1753 0200 | 0048 ba80 | 0100 0000 | 0000 000f | 850a 0000 | 0048 ba90 
  0x000002530808f390: 0100 0000 | 0000 0049 | 8b3c 1048 | 8d7f 0149 | 893c 100f | 850e 0800 | 0048 89b4 | 2488 0000 
  0x000002530808f3b0: 0048 8b54 

  0x000002530808f3b4: ;   {metadata(method data for {method} {0x0000000800069738} 'loadClassOrNull' '(Ljava/lang/String;Z)Ljava/lang/Class;' in 'jdk/internal/loader/BuiltinClassLoader')}
  0x000002530808f3b4: 2468 49b8 | a8a8 0e17 | 5302 0000 | 4983 80a0 | 0100 0001 | 4c8b 4424 | 7048 8b54 | 2468 0f1f 
  0x000002530808f3d4: ;   {optimized virtual_call}
  0x000002530808f3d4: 4400 00e8 

  0x000002530808f3d8: ; ImmutableOopMap {[104]=Oop [112]=Oop [128]=Oop [136]=Oop [168]=Oop }
                      ;*invokevirtual findLoadedModule {reexecute=0 rethrow=0 return_oop=0}
                      ; - jdk.internal.loader.BuiltinClassLoader::loadClassOrNull@22 (line 658)
  0x000002530808f3d8: e4de 0600 | 4883 f800 

  0x000002530808f3e0: ;   {metadata(method data for {method} {0x0000000800069738} 'loadClassOrNull' '(Ljava/lang/String;Z)Ljava/lang/Class;' in 'jdk/internal/loader/BuiltinClassLoader')}
  0x000002530808f3e0: 49b8 a8a8 | 0e17 5302 | 0000 49b9 | d801 0000 | 0000 0000 | 0f84 0a00 | 0000 49b9 | e801 0000 
  0x000002530808f400: 0000 0000 | 4b8b 1408 | 488d 5201 | 4b89 1408 | 488b 5424 | 680f 84a2 | 0300 0048 | 3b00 4c8b 
  0x000002530808f420: ;   {metadata(method data for {method} {0x0000000800069738} 'loadClassOrNull' '(Ljava/lang/String;Z)Ljava/lang/Class;' in 'jdk/internal/loader/BuiltinClassLoader')}
  0x000002530808f420: c049 b9a8 | a80e 1753 

  0x000002530808f428: ;   {metadata('jdk/internal/loader/BuiltinClassLoader$LoadedModule')}
  0x000002530808f428: 0200 0049 | bab0 da17 | 0008 0000 | 004d 8991 | 0802 0000 | 4983 8110 | 0200 0001 | 8b70 0c48 
  0x000002530808f448: ;   {metadata(method data for {method} {0x0000000800069738} 'loadClassOrNull' '(Ljava/lang/String;Z)Ljava/lang/Class;' in 'jdk/internal/loader/BuiltinClassLoader')}
  0x000002530808f448: 3bf2 49b8 | a8a8 0e17 | 5302 0000 | 49b9 3002 | 0000 0000 | 0000 0f85 | 0a00 0000 | 49b9 4002 
  0x000002530808f468: 0000 0000 | 0000 4b8b | 3c08 488d | 7f01 4b89 | 3c08 0f85 | 2d02 0000 

  0x000002530808f480: ;   {metadata(method data for {method} {0x0000000800069738} 'loadClassOrNull' '(Ljava/lang/String;Z)Ljava/lang/Class;' in 'jdk/internal/loader/BuiltinClassLoader')}
  0x000002530808f480: 49b8 a8a8 | 0e17 5302 | 0000 4983 | 8050 0200 

  0x000002530808f490: ;   {metadata(method data for {method} {0x0000000800450340} 'isModuleSystemInited' '()Z' in 'jdk/internal/misc/VM')}
  0x000002530808f490: 0001 49b8 | c0b3 0e17 | 5302 0000 | 458b 88cc | 0000 0041 | 83c1 0245 | 8988 cc00 | 0000 4181 
  0x000002530808f4b0: e1fe ff1f | 0041 83f9 | 000f 8484 

  0x000002530808f4bc: ;   {oop(a 'java/lang/Class'{0x00000000c5d09940} = 'jdk/internal/misc/VM')}
  0x000002530808f4bc: 0900 0049 | b840 99d0 | c500 0000 | 0045 8b80 | 9400 0000 | 4183 f802 

  0x000002530808f4d4: ;   {metadata(method data for {method} {0x0000000800450340} 'isModuleSystemInited' '()Z' in 'jdk/internal/misc/VM')}
  0x000002530808f4d4: 49b8 c0b3 | 0e17 5302 | 0000 49b9 | 1001 0000 | 0000 0000 | 0f8c 0a00 | 0000 49b9 | 2001 0000 
  0x000002530808f4f4: 0000 0000 | 4b8b 3408 | 488d 7601 | 4b89 3408 | 0f8c 1c00 

  0x000002530808f508: ;   {metadata(method data for {method} {0x0000000800450340} 'isModuleSystemInited' '()Z' in 'jdk/internal/misc/VM')}
  0x000002530808f508: 0000 49b8 | c0b3 0e17 | 5302 0000 | 41ff 8030 | 0100 0041 | b801 0000 | 00e9 0600 | 0000 41b8 
  0x000002530808f528: 0000 0000 | 4183 e001 | 4183 f800 

  0x000002530808f534: ;   {metadata(method data for {method} {0x0000000800069738} 'loadClassOrNull' '(Ljava/lang/String;Z)Ljava/lang/Class;' in 'jdk/internal/loader/BuiltinClassLoader')}
  0x000002530808f534: 49b8 a8a8 | 0e17 5302 | 0000 49b9 | 7002 0000 | 0000 0000 | 0f85 0a00 | 0000 49b9 | 6002 0000 
  0x000002530808f554: 0000 0000 | 4b8b 3408 | 488d 7601 | 4b89 3408 | 0f85 0d00 | 0000 488b | b424 8800 | 0000 e930 
  0x000002530808f574: 0200 004c 

  0x000002530808f578: ;   {metadata(method data for {method} {0x0000000800069738} 'loadClassOrNull' '(Ljava/lang/String;Z)Ljava/lang/Class;' in 'jdk/internal/loader/BuiltinClassLoader')}
  0x000002530808f578: 8bc2 49b9 | a8a8 0e17 | 5302 0000 | 4983 8180 | 0200 0001 

  0x000002530808f58c: ;   {metadata(method data for {method} {0x0000000800069e70} 'findClassInModuleOrNull' '(Ljdk/internal/loader/BuiltinClassLoader$LoadedModule;Ljava/lang/String;)Ljava/lang/Class;' in 'jdk/internal/loader/BuiltinClassLoader')}
  0x000002530808f58c: 49b8 20b5 | 0e17 5302 | 0000 458b | 88cc 0000 | 0041 83c1 | 0245 8988 | cc00 0000 | 4181 e1fe 
  0x000002530808f5ac: ff1f 0041 | 83f9 000f | 84ab 0800 

  0x000002530808f5b8: ;   {metadata(method data for {method} {0x0000000800069e70} 'findClassInModuleOrNull' '(Ljdk/internal/loader/BuiltinClassLoader$LoadedModule;Ljava/lang/String;)Ljava/lang/Class;' in 'jdk/internal/loader/BuiltinClassLoader')}
  0x000002530808f5b8: 0049 b820 | b50e 1753 | 0200 0049 | 8380 1001 

  0x000002530808f5c8: ;   {metadata(method data for {method} {0x000000080001baa8} 'getSecurityManager' '()Ljava/lang/SecurityManager;' in 'java/lang/System')}
  0x000002530808f5c8: 0000 0149 | b8a8 8302 | 1753 0200 | 0045 8b88 | cc00 0000 | 4183 c102 | 4589 88cc | 0000 0041 
  0x000002530808f5e8: 81e1 feff | 1f00 4183 | f900 0f84 | 8d08 0000 

  0x000002530808f5f8: ;   {metadata(method data for {method} {0x000000080001baa8} 'getSecurityManager' '()Ljava/lang/SecurityManager;' in 'java/lang/System')}
  0x000002530808f5f8: 49b8 a883 | 0217 5302 | 0000 4983 | 8010 0100 

  0x000002530808f608: ;   {metadata(method data for {method} {0x000000080001bbc0} 'allowSecurityManager' '()Z' in 'java/lang/System')}
  0x000002530808f608: 0001 49b8 | 2085 0217 | 5302 0000 | 458b 88cc | 0000 0041 | 83c1 0245 | 8988 cc00 | 0000 4181 
  0x000002530808f628: e1fe ff1f | 0041 83f9 | 000f 846f 

  0x000002530808f634: ;   {metadata(method data for {method} {0x000000080001bbc0} 'allowSecurityManager' '()Z' in 'java/lang/System')}
  0x000002530808f634: 0800 0049 | b820 8502 | 1753 0200 | 0041 ff80 | 1001 0000 

  0x000002530808f648: ;   {metadata(method data for {method} {0x000000080001baa8} 'getSecurityManager' '()Ljava/lang/SecurityManager;' in 'java/lang/System')}
  0x000002530808f648: 49b8 a883 | 0217 5302 | 0000 41ff | 8020 0100 

  0x000002530808f658: ;   {metadata(method data for {method} {0x0000000800069e70} 'findClassInModuleOrNull' '(Ljdk/internal/loader/BuiltinClassLoader$LoadedModule;Ljava/lang/String;)Ljava/lang/Class;' in 'jdk/internal/loader/BuiltinClassLoader')}
  0x000002530808f658: 0049 b820 | b50e 1753 | 0200 0041 | ff80 3001 | 0000 4c8b 

  0x000002530808f66c: ;   {metadata(method data for {method} {0x0000000800069e70} 'findClassInModuleOrNull' '(Ljdk/internal/loader/BuiltinClassLoader$LoadedModule;Ljava/lang/String;)Ljava/lang/Class;' in 'jdk/internal/loader/BuiltinClassLoader')}
  0x000002530808f66c: c249 b920 | b50e 1753 | 0200 0049 | 8381 4001 | 0000 014c | 8b44 2470 | 4c8b c848 | 8bf2 488b 
  0x000002530808f68c: ;   {optimized virtual_call}
  0x000002530808f68c: d666 90e8 

  0x000002530808f690: ; ImmutableOopMap {[104]=Oop [128]=Oop [168]=Oop }
                      ;*invokevirtual defineClass {reexecute=0 rethrow=0 return_oop=0}
                      ; - jdk.internal.loader.BuiltinClassLoader::findClassInModuleOrNull@9 (line 741)
                      ; - jdk.internal.loader.BuiltinClassLoader::loadClassOrNull@55 (line 665)
  0x000002530808f690: 6c4a 4f07 

  0x000002530808f694: ;   {metadata(method data for {method} {0x0000000800069738} 'loadClassOrNull' '(Ljava/lang/String;Z)Ljava/lang/Class;' in 'jdk/internal/loader/BuiltinClassLoader')}
  0x000002530808f694: 49b8 a8a8 | 0e17 5302 | 0000 41ff | 80b8 0200 | 0048 8bf0 | e9fa 0000 | 0048 3b06 

  0x000002530808f6b0: ;   {metadata(method data for {method} {0x0000000800069738} 'loadClassOrNull' '(Ljava/lang/String;Z)Ljava/lang/Class;' in 'jdk/internal/loader/BuiltinClassLoader')}
  0x000002530808f6b0: 4c8b c649 | b9a8 a80e | 1753 0200 | 0049 8381 | d002 0000 

  0x000002530808f6c4: ;   {metadata(method data for {method} {0x0000000800069f20} 'loadClassOrNull' '(Ljava/lang/String;)Ljava/lang/Class;' in 'jdk/internal/loader/BuiltinClassLoader')}
  0x000002530808f6c4: 0149 b810 | bd0e 1753 | 0200 0045 | 8b88 cc00 | 0000 4183 | c102 4589 | 88cc 0000 | 0041 81e1 
  0x000002530808f6e4: feff 1f00 | 4183 f900 | 0f84 da07 | 0000 4c8b 

  0x000002530808f6f4: ;   {metadata(method data for {method} {0x0000000800069f20} 'loadClassOrNull' '(Ljava/lang/String;)Ljava/lang/Class;' in 'jdk/internal/loader/BuiltinClassLoader')}
  0x000002530808f6f4: c649 b910 | bd0e 1753 | 0200 0045 | 8b40 0849 | ba00 0000 | 0008 0000 | 004d 03c2 | 4d3b 8120 
  0x000002530808f714: 0100 0075 | 0d49 8381 | 2801 0000 | 01e9 6000 | 0000 4d3b | 8130 0100 | 0075 0d49 | 8381 3801 
  0x000002530808f734: 0000 01e9 | 4a00 0000 | 4983 b920 | 0100 0000 | 7517 4d89 | 8120 0100 | 0049 c781 | 2801 0000 
  0x000002530808f754: 0100 0000 | e929 0000 | 0049 83b9 | 3001 0000 | 0075 174d | 8981 3001 | 0000 49c7 | 8138 0100 
  0x000002530808f774: 0001 0000 | 00e9 0800 | 0000 4983 | 8110 0100 | 0001 4c8b | 4424 7041 | b900 0000 | 0048 8bd6 
  0x000002530808f794: 9048 b820 | 5b62 1b53 

  0x000002530808f79c: ;   {virtual_call}
  0x000002530808f79c: 0200 00e8 

  0x000002530808f7a0: ; ImmutableOopMap {[104]=Oop [128]=Oop [168]=Oop }
                      ;*invokevirtual loadClassOrNull {reexecute=0 rethrow=0 return_oop=0}
                      ; - jdk.internal.loader.BuiltinClassLoader::loadClassOrNull@3 (line 700)
                      ; - jdk.internal.loader.BuiltinClassLoader::loadClassOrNull@66 (line 669)
  0x000002530808f7a0: 85e3 4e07 

  0x000002530808f7a4: ;   {metadata(method data for {method} {0x0000000800069738} 'loadClassOrNull' '(Ljava/lang/String;Z)Ljava/lang/Class;' in 'jdk/internal/loader/BuiltinClassLoader')}
  0x000002530808f7a4: 488b f049 | b8a8 a80e | 1753 0200 | 0041 ff80 | 0803 0000 | e9fa 0300 | 008b 7254 | 4883 fe00 
  0x000002530808f7c4: ;   {metadata(method data for {method} {0x0000000800069738} 'loadClassOrNull' '(Ljava/lang/String;Z)Ljava/lang/Class;' in 'jdk/internal/loader/BuiltinClassLoader')}
  0x000002530808f7c4: 49b8 a8a8 | 0e17 5302 | 0000 49b9 | 3003 0000 | 0000 0000 | 0f85 0a00 | 0000 49b9 | 2003 0000 
  0x000002530808f7e4: 0000 0000 | 4b8b 3c08 | 488d 7f01 | 4b89 3c08 | 0f85 0d00 | 0000 488b | b424 8800 | 0000 e900 
  0x000002530808f804: 0100 0048 | 3b06 4c8b 

  0x000002530808f80c: ;   {metadata(method data for {method} {0x0000000800069738} 'loadClassOrNull' '(Ljava/lang/String;Z)Ljava/lang/Class;' in 'jdk/internal/loader/BuiltinClassLoader')}
  0x000002530808f80c: c649 b9a8 | a80e 1753 | 0200 0049 | 8381 4003 

  0x000002530808f81c: ;   {metadata(method data for {method} {0x0000000800069f20} 'loadClassOrNull' '(Ljava/lang/String;)Ljava/lang/Class;' in 'jdk/internal/loader/BuiltinClassLoader')}
  0x000002530808f81c: 0000 0149 | b810 bd0e | 1753 0200 | 0045 8b88 | cc00 0000 | 4183 c102 | 4589 88cc | 0000 0041 
  0x000002530808f83c: 81e1 feff | 1f00 4183 | f900 0f84 | a606 0000 

  0x000002530808f84c: ;   {metadata(method data for {method} {0x0000000800069f20} 'loadClassOrNull' '(Ljava/lang/String;)Ljava/lang/Class;' in 'jdk/internal/loader/BuiltinClassLoader')}
  0x000002530808f84c: 4c8b c649 | b910 bd0e | 1753 0200 | 0045 8b40 | 0849 ba00 | 0000 0008 | 0000 004d | 03c2 4d3b 
  0x000002530808f86c: 8120 0100 | 0075 0d49 | 8381 2801 | 0000 01e9 | 6000 0000 | 4d3b 8130 | 0100 0075 | 0d49 8381 
  0x000002530808f88c: 3801 0000 | 01e9 4a00 | 0000 4983 | b920 0100 | 0000 7517 | 4d89 8120 | 0100 0049 | c781 2801 
  0x000002530808f8ac: 0000 0100 | 0000 e929 | 0000 0049 | 83b9 3001 | 0000 0075 | 174d 8981 | 3001 0000 | 49c7 8138 
  0x000002530808f8cc: 0100 0001 | 0000 00e9 | 0800 0000 | 4983 8110 | 0100 0001 | 4c8b 4424 | 7041 b900 | 0000 0048 
  0x000002530808f8ec: 8bd6 0f1f | 8000 0000 | 0048 b8ff | ffff ffff 

  0x000002530808f8fc: ;   {virtual_call}
  0x000002530808f8fc: ffff ffe8 

  0x000002530808f900: ; ImmutableOopMap {[104]=Oop [112]=Oop [128]=Oop [168]=Oop }
                      ;*invokevirtual loadClassOrNull {reexecute=0 rethrow=0 return_oop=0}
                      ; - jdk.internal.loader.BuiltinClassLoader::loadClassOrNull@3 (line 700)
                      ; - jdk.internal.loader.BuiltinClassLoader::loadClassOrNull@86 (line 676)
  0x000002530808f900: a4c8 5b07 | 488b f048 

  0x000002530808f908: ;   {metadata(method data for {method} {0x0000000800069738} 'loadClassOrNull' '(Ljava/lang/String;Z)Ljava/lang/Class;' in 'jdk/internal/loader/BuiltinClassLoader')}
  0x000002530808f908: 83fe 0049 | b8a8 a80e | 1753 0200 | 0048 ba78 | 0300 0000 | 0000 000f | 850a 0000 | 0048 ba88 
  0x000002530808f928: 0300 0000 | 0000 0049 | 8b3c 1048 | 8d7f 0149 | 893c 100f | 8576 0200 | 0048 8b54 | 2468 4c8b 
  0x000002530808f948: ;   {metadata(method data for {method} {0x0000000800069738} 'loadClassOrNull' '(Ljava/lang/String;Z)Ljava/lang/Class;' in 'jdk/internal/loader/BuiltinClassLoader')}
  0x000002530808f948: c248 bfa8 | a80e 1753 | 0200 0045 | 8b40 0849 | ba00 0000 | 0008 0000 | 004d 03c2 | 4c3b 87a8 
  0x000002530808f968: 0300 0075 | 0d48 8387 | b003 0000 | 01e9 6000 | 0000 4c3b | 87b8 0300 | 0075 0d48 | 8387 c003 
  0x000002530808f988: 0000 01e9 | 4a00 0000 | 4883 bfa8 | 0300 0000 | 7517 4c89 | 87a8 0300 | 0048 c787 | b003 0000 
  0x000002530808f9a8: 0100 0000 | e929 0000 | 0048 83bf | b803 0000 | 0075 174c | 8987 b803 | 0000 48c7 | 87c0 0300 
  0x000002530808f9c8: 0001 0000 | 00e9 0800 | 0000 4883 | 8798 0300 

  0x000002530808f9d8: ;   {metadata(method data for {method} {0x00000008000696e0} 'hasClassPath' '()Z' in 'jdk/internal/loader/BuiltinClassLoader')}
  0x000002530808f9d8: 0001 49b8 | a0be 0e17 | 5302 0000 | 418b b8cc | 0000 0083 | c702 4189 | b8cc 0000 | 0081 e7fe 
  0x000002530808f9f8: ff1f 0083 | ff00 0f84 | 0f05 0000 | 448b 4258 | 4983 f800 

  0x000002530808fa0c: ;   {metadata(method data for {method} {0x00000008000696e0} 'hasClassPath' '()Z' in 'jdk/internal/loader/BuiltinClassLoader')}
  0x000002530808fa0c: 49b8 a0be | 0e17 5302 | 0000 48bf | 1001 0000 | 0000 0000 | 0f84 0a00 | 0000 48bf | 2001 0000 
  0x000002530808fa2c: 0000 0000 | 498b 1c38 | 488d 5b01 | 4989 1c38 | 0f84 1c00 

  0x000002530808fa40: ;   {metadata(method data for {method} {0x00000008000696e0} 'hasClassPath' '()Z' in 'jdk/internal/loader/BuiltinClassLoader')}
  0x000002530808fa40: 0000 49b8 | a0be 0e17 | 5302 0000 | 41ff 8030 | 0100 0041 | b801 0000 | 00e9 0600 | 0000 41b8 
  0x000002530808fa60: 0000 0000 | 4183 e001 | 4183 f800 

  0x000002530808fa6c: ;   {metadata(method data for {method} {0x0000000800069738} 'loadClassOrNull' '(Ljava/lang/String;Z)Ljava/lang/Class;' in 'jdk/internal/loader/BuiltinClassLoader')}
  0x000002530808fa6c: 49b8 a8a8 | 0e17 5302 | 0000 48bf | d003 0000 | 0000 0000 | 0f84 0a00 | 0000 48bf | e003 0000 
  0x000002530808fa8c: 0000 0000 | 498b 1c38 | 488d 5b01 | 4989 1c38 | 0f84 1501 

  0x000002530808faa0: ;   {metadata(method data for {method} {0x0000000800069738} 'loadClassOrNull' '(Ljava/lang/String;Z)Ljava/lang/Class;' in 'jdk/internal/loader/BuiltinClassLoader')}
  0x000002530808faa0: 0000 49b8 | a8a8 0e17 | 5302 0000 | 4983 80f0 | 0300 0001 

  0x000002530808fab4: ;   {metadata(method data for {method} {0x0000000800450340} 'isModuleSystemInited' '()Z' in 'jdk/internal/misc/VM')}
  0x000002530808fab4: 49b8 c0b3 | 0e17 5302 | 0000 418b | b8cc 0000 | 0083 c702 | 4189 b8cc | 0000 0081 | e7fe ff1f 
  0x000002530808fad4: 0083 ff00 | 0f84 5604 

  0x000002530808fadc: ;   {oop(a 'java/lang/Class'{0x00000000c5d09940} = 'jdk/internal/misc/VM')}
  0x000002530808fadc: 0000 49b8 | 4099 d0c5 | 0000 0000 | 458b 8094 | 0000 0041 

  0x000002530808faf0: ;   {metadata(method data for {method} {0x0000000800450340} 'isModuleSystemInited' '()Z' in 'jdk/internal/misc/VM')}
  0x000002530808faf0: 83f8 0249 | b8c0 b30e | 1753 0200 | 0048 bf10 | 0100 0000 | 0000 000f | 8c0a 0000 | 0048 bf20 
  0x000002530808fb10: 0100 0000 | 0000 0049 | 8b1c 3848 | 8d5b 0149 | 891c 380f | 8c1c 0000 

  0x000002530808fb28: ;   {metadata(method data for {method} {0x0000000800450340} 'isModuleSystemInited' '()Z' in 'jdk/internal/misc/VM')}
  0x000002530808fb28: 0049 b8c0 | b30e 1753 | 0200 0041 | ff80 3001 | 0000 41b8 | 0100 0000 | e906 0000 | 0041 b800 
  0x000002530808fb48: 0000 0041 | 83e0 0141 

  0x000002530808fb50: ;   {metadata(method data for {method} {0x0000000800069738} 'loadClassOrNull' '(Ljava/lang/String;Z)Ljava/lang/Class;' in 'jdk/internal/loader/BuiltinClassLoader')}
  0x000002530808fb50: 83f8 0049 | b8a8 a80e | 1753 0200 | 0048 bf00 | 0400 0000 | 0000 000f | 840a 0000 | 0048 bf10 
  0x000002530808fb70: 0400 0000 | 0000 0049 | 8b1c 3848 | 8d5b 0149 | 891c 380f | 842e 0000 | 004c 8b44 | 2470 488b 
  0x000002530808fb90: ;   {metadata(method data for {method} {0x0000000800069738} 'loadClassOrNull' '(Ljava/lang/String;Z)Ljava/lang/Class;' in 'jdk/internal/loader/BuiltinClassLoader')}
  0x000002530808fb90: f248 bfa8 | a80e 1753 | 0200 0048 | 8387 2004 | 0000 0148 | 8bf2 488b | d666 0f1f 

  0x000002530808fbac: ;   {optimized virtual_call}
  0x000002530808fbac: 4400 00e8 

  0x000002530808fbb0: ; ImmutableOopMap {[104]=Oop [128]=Oop [168]=Oop }
                      ;*invokevirtual findClassOnClassPathOrNull {reexecute=0 rethrow=0 return_oop=0}
                      ; - jdk.internal.loader.BuiltinClassLoader::loadClassOrNull@111 (line 681)
  0x000002530808fbb0: e604 0000 | 488b f044 | 8b4c 2478 | 4183 f900 

  0x000002530808fbc0: ;   {metadata(method data for {method} {0x0000000800069738} 'loadClassOrNull' '(Ljava/lang/String;Z)Ljava/lang/Class;' in 'jdk/internal/loader/BuiltinClassLoader')}
  0x000002530808fbc0: 48b8 a8a8 | 0e17 5302 | 0000 48ba | 5804 0000 | 0000 0000 | 0f84 0a00 | 0000 48ba | 6804 0000 
  0x000002530808fbe0: 0000 0000 | 488b 3c10 | 488d 7f01 | 4889 3c10 | 0f84 b300 | 0000 4883 

  0x000002530808fbf8: ;   {metadata(method data for {method} {0x0000000800069738} 'loadClassOrNull' '(Ljava/lang/String;Z)Ljava/lang/Class;' in 'jdk/internal/loader/BuiltinClassLoader')}
  0x000002530808fbf8: fe00 48b8 | a8a8 0e17 | 5302 0000 | 48ba 7804 | 0000 0000 | 0000 0f84 | 0a00 0000 | 48ba 8804 
  0x000002530808fc18: 0000 0000 | 0000 488b | 3c10 488d | 7f01 4889 | 3c10 0f84 | 7900 0000 | 488b 5424 

  0x000002530808fc34: ;   {metadata(method data for {method} {0x0000000800069738} 'loadClassOrNull' '(Ljava/lang/String;Z)Ljava/lang/Class;' in 'jdk/internal/loader/BuiltinClassLoader')}
  0x000002530808fc34: 6848 b8a8 | a80e 1753 | 0200 0048 | 8380 9804 

  0x000002530808fc44: ;   {metadata(method data for {method} {0x00000008004369a0} 'resolveClass' '(Ljava/lang/Class;)V' in 'java/lang/ClassLoader')}
  0x000002530808fc44: 0000 0148 | b808 c30e | 1753 0200 | 008b 90cc | 0000 0083 | c202 8990 | cc00 0000 | 81e2 feff 
  0x000002530808fc64: 1f00 83fa | 000f 84e6 | 0200 0048 

  0x000002530808fc70: ;   {metadata(method data for {method} {0x00000008004369a0} 'resolveClass' '(Ljava/lang/Class;)V' in 'java/lang/ClassLoader')}
  0x000002530808fc70: 83fe 0048 | b808 c30e | 1753 0200 | 0048 ba20 | 0100 0000 | 0000 000f | 840a 0000 | 0048 ba10 
  0x000002530808fc90: 0100 0000 | 0000 0048 | 8b3c 1048 | 8d7f 0148 | 893c 100f | 8443 0000 | 0048 8d84 | 24a0 0000 
  0x000002530808fcb0: 0048 8b10 | 4885 d20f | 840f 0000 | 0048 8b78 | 08f0 480f | b117 0f85 | aa02 0000 | 49ff 8f78 
  0x000002530808fcd0: 0400 0048 | 8bc6 4881 | c4c0 0000 

  0x000002530808fcdc: ;   {poll_return}
  0x000002530808fcdc: 005d 493b | a778 0300 | 000f 87a1 | 0200 00c3 | 4889 b424 | 9800 0000 | 0f1f 4000 

  0x000002530808fcf8: ;   {no_reloc}
  0x000002530808fcf8: e9b4 0200 | 0000 0000 | 0000 498b | 87f8 0000 | 0048 8d78 | 3049 3bbf | 0801 0000 | 0f87 a102 
  0x000002530808fd18: 0000 4989 | bff8 0000 | 0048 c700 | 0100 0000 | 488b ca49 | ba00 0000 | 0008 0000 | 0049 2bca 
  0x000002530808fd38: 8948 0848 | 33c9 8948 | 0c48 33c9 | 4889 4810 | 4889 4818 | 4889 4820 | 4889 4828 

  0x000002530808fd54: ;   {metadata(method data for {method} {0x00000008004369a0} 'resolveClass' '(Ljava/lang/Class;)V' in 'java/lang/ClassLoader')}
  0x000002530808fd54: 488b d048 | be08 c30e | 1753 0200 | 0048 8386 | 3001 0000 | 0148 8bd0 | 4889 8424 | 9000 0000 
  0x000002530808fd74: ;   {optimized virtual_call}
  0x000002530808fd74: 6666 90e8 

  0x000002530808fd78: ; ImmutableOopMap {[128]=Oop [144]=Oop [152]=Oop [168]=Oop }
                      ;*invokespecial <init> {reexecute=0 rethrow=0 return_oop=0}
                      ; - java.lang.ClassLoader::resolveClass@8 (line 1224)
                      ; - jdk.internal.loader.BuiltinClassLoader::loadClassOrNull@128 (line 688)
  0x000002530808fd78: 8443 4f07 | 488b 8424 

  0x000002530808fd80: ; ImmutableOopMap {rax=Oop [128]=Oop [152]=Oop [168]=Oop }
                      ;*athrow {reexecute=1 rethrow=0 return_oop=0}
                      ; - (reexecute) java.lang.ClassLoader::resolveClass@11 (line 1224)
                      ; - jdk.internal.loader.BuiltinClassLoader::loadClassOrNull@128 (line 688)
  0x000002530808fd80: 9000 0000 

  0x000002530808fd84: ;   {section_word}
  0x000002530808fd84: 48ba 84fd | 0808 5302 

  0x000002530808fd8c: ;   {runtime_call handle_exception_nofpu Runtime1 stub}
  0x000002530808fd8c: 0000 e86d | 1c5b 0790 | 498b 8728 | 0400 004d | 33d2 4d89 | 9728 0400 | 004d 33d2 | 4d89 9730 
  0x000002530808fdac: 0400 0048 | 8bf0 488d | 8424 a000 | 0000 488b | 3848 85ff | 0f84 0f00 | 0000 488b | 5808 f048 
  0x000002530808fdcc: 0fb1 3b0f | 85f3 0100 | 0049 ff8f | 7804 0000 | 488b c6e9 | 1702 0000 

  0x000002530808fde4: ;   {metadata({method} {0x0000000800069738} 'loadClassOrNull' '(Ljava/lang/String;Z)Ljava/lang/Class;' in 'jdk/internal/loader/BuiltinClassLoader')}
  0x000002530808fde4: 49ba 3097 | 0600 0800 | 0000 4c89 | 5424 0848 | c704 24ff 

  0x000002530808fdf8: ;   {runtime_call counter_overflow Runtime1 stub}
  0x000002530808fdf8: ffff ffe8 

  0x000002530808fdfc: ; ImmutableOopMap {rdx=Oop r8=Oop [104]=Oop }
                      ;*synchronization entry
                      ; - jdk.internal.loader.BuiltinClassLoader::loadClassOrNull@-1 (line 651)
  0x000002530808fdfc: 8059 5b07 | e9a7 f3ff 

  0x000002530808fe04: ;   {runtime_call throw_null_pointer_exception Runtime1 stub}
  0x000002530808fe04: ffe8 f603 

  0x000002530808fe08: ; ImmutableOopMap {rsi=Oop [104]=Oop [112]=Oop [128]=Oop }
                      ;*monitorenter {reexecute=0 rethrow=0 return_oop=0}
                      ; - jdk.internal.loader.BuiltinClassLoader::loadClassOrNull@7 (line 651)
  0x000002530808fe08: 5b07 4889 | 7424 0848 

  0x000002530808fe10: ;   {runtime_call monitorenter_nofpu Runtime1 stub}
  0x000002530808fe10: 8914 24e8 

  0x000002530808fe14: ; ImmutableOopMap {rsi=Oop [104]=Oop [112]=Oop [128]=Oop [168]=Oop }
                      ;*monitorenter {reexecute=0 rethrow=0 return_oop=0}
                      ; - jdk.internal.loader.BuiltinClassLoader::loadClassOrNull@7 (line 651)
  0x000002530808fe14: e833 5b07 | e984 f4ff 

  0x000002530808fe1c: ;   {metadata({method} {0x0000000800436a50} 'findLoadedClass' '(Ljava/lang/String;)Ljava/lang/Class;' in 'java/lang/ClassLoader')}
  0x000002530808fe1c: ff49 ba48 | 6a43 0008 | 0000 004c | 8954 2408 | 48c7 0424 | ffff ffff 

  0x000002530808fe34: ;   {runtime_call counter_overflow Runtime1 stub}
  0x000002530808fe34: e847 595b 

  0x000002530808fe38: ; ImmutableOopMap {[104]=Oop [112]=Oop [128]=Oop [168]=Oop }
                      ;*synchronization entry
                      ; - java.lang.ClassLoader::findLoadedClass@-1 (line 1284)
                      ; - jdk.internal.loader.BuiltinClassLoader::loadClassOrNull@10 (line 653)
  0x000002530808fe38: 07e9 a2f4 

  0x000002530808fe3c: ;   {runtime_call throw_null_pointer_exception Runtime1 stub}
  0x000002530808fe3c: ffff e8bd 

  0x000002530808fe40: ; ImmutableOopMap {rax=Oop rdx=Oop [104]=Oop [112]=Oop [128]=Oop [136]=Oop [168]=Oop }
                      ;*invokevirtual loader {reexecute=0 rethrow=0 return_oop=0}
                      ; - jdk.internal.loader.BuiltinClassLoader::loadClassOrNull@34 (line 662)
                      ;   {metadata({method} {0x0000000800450340} 'isModuleSystemInited' '()Z' in 'jdk/internal/misc/VM')}
  0x000002530808fe40: 035b 0749 | ba38 0345 | 0008 0000 | 004c 8954 | 2408 48c7 | 0424 ffff 

  0x000002530808fe58: ;   {runtime_call counter_overflow Runtime1 stub}
  0x000002530808fe58: ffff e821 

  0x000002530808fe5c: ; ImmutableOopMap {rax=Oop rdx=Oop [104]=Oop [112]=Oop [128]=Oop [136]=Oop [168]=Oop }
                      ;*synchronization entry
                      ; - jdk.internal.misc.VM::isModuleSystemInited@-1 (line 91)
                      ; - jdk.internal.loader.BuiltinClassLoader::loadClassOrNull@45 (line 664)
  0x000002530808fe5c: 595b 07e9 | 5bf6 ffff 

  0x000002530808fe64: ;   {metadata({method} {0x0000000800069e70} 'findClassInModuleOrNull' '(Ljdk/internal/loader/BuiltinClassLoader$LoadedModule;Ljava/lang/String;)Ljava/lang/Class;' in 'jdk/internal/loader/BuiltinClassLoader')}
  0x000002530808fe64: 49ba 689e | 0600 0800 | 0000 4c89 | 5424 0848 | c704 24ff 

  0x000002530808fe78: ;   {runtime_call counter_overflow Runtime1 stub}
  0x000002530808fe78: ffff ffe8 

  0x000002530808fe7c: ; ImmutableOopMap {rdx=Oop rax=Oop [104]=Oop [112]=Oop [128]=Oop [168]=Oop }
                      ;*synchronization entry
                      ; - jdk.internal.loader.BuiltinClassLoader::findClassInModuleOrNull@-1 (line 740)
                      ; - jdk.internal.loader.BuiltinClassLoader::loadClassOrNull@55 (line 665)
  0x000002530808fe7c: 0059 5b07 | e934 f7ff 

  0x000002530808fe84: ;   {metadata({method} {0x000000080001baa8} 'getSecurityManager' '()Ljava/lang/SecurityManager;' in 'java/lang/System')}
  0x000002530808fe84: ff49 baa0 | ba01 0008 | 0000 004c | 8954 2408 | 48c7 0424 | ffff ffff 

  0x000002530808fe9c: ;   {runtime_call counter_overflow Runtime1 stub}
  0x000002530808fe9c: e8df 585b 

  0x000002530808fea0: ; ImmutableOopMap {rdx=Oop rax=Oop [104]=Oop [112]=Oop [128]=Oop [168]=Oop }
                      ;*synchronization entry
                      ; - java.lang.System::getSecurityManager@-1 (line 503)
                      ; - jdk.internal.loader.BuiltinClassLoader::findClassInModuleOrNull@0 (line 740)
                      ; - jdk.internal.loader.BuiltinClassLoader::loadClassOrNull@55 (line 665)
  0x000002530808fea0: 07e9 52f7 

  0x000002530808fea4: ;   {metadata({method} {0x000000080001bbc0} 'allowSecurityManager' '()Z' in 'java/lang/System')}
  0x000002530808fea4: ffff 49ba | b8bb 0100 | 0800 0000 | 4c89 5424 | 0848 c704 | 24ff ffff 

  0x000002530808febc: ;   {runtime_call counter_overflow Runtime1 stub}
  0x000002530808febc: ffe8 be58 

  0x000002530808fec0: ; ImmutableOopMap {rdx=Oop rax=Oop [104]=Oop [112]=Oop [128]=Oop [168]=Oop }
                      ;*synchronization entry
                      ; - java.lang.System::allowSecurityManager@-1 (line 211)
                      ; - java.lang.System::getSecurityManager@0 (line 503)
                      ; - jdk.internal.loader.BuiltinClassLoader::findClassInModuleOrNull@0 (line 740)
                      ; - jdk.internal.loader.BuiltinClassLoader::loadClassOrNull@55 (line 665)
  0x000002530808fec0: 5b07 e970 

  0x000002530808fec4: ;   {runtime_call throw_null_pointer_exception Runtime1 stub}
  0x000002530808fec4: f7ff ffe8 

  0x000002530808fec8: ; ImmutableOopMap {rsi=Oop [104]=Oop [112]=Oop [128]=Oop [168]=Oop }
                      ;*invokevirtual loadClassOrNull {reexecute=0 rethrow=0 return_oop=0}
                      ; - jdk.internal.loader.BuiltinClassLoader::loadClassOrNull@66 (line 669)
  0x000002530808fec8: 3403 5b07 

  0x000002530808fecc: ;   {metadata({method} {0x0000000800069f20} 'loadClassOrNull' '(Ljava/lang/String;)Ljava/lang/Class;' in 'jdk/internal/loader/BuiltinClassLoader')}
  0x000002530808fecc: 49ba 189f | 0600 0800 | 0000 4c89 | 5424 0848 | c704 24ff 

  0x000002530808fee0: ;   {runtime_call counter_overflow Runtime1 stub}
  0x000002530808fee0: ffff ffe8 

  0x000002530808fee4: ; ImmutableOopMap {rsi=Oop [104]=Oop [112]=Oop [128]=Oop [168]=Oop }
                      ;*synchronization entry
                      ; - jdk.internal.loader.BuiltinClassLoader::loadClassOrNull@-1 (line 700)
                      ; - jdk.internal.loader.BuiltinClassLoader::loadClassOrNull@66 (line 669)
  0x000002530808fee4: 9858 5b07 | e905 f8ff 

  0x000002530808feec: ;   {runtime_call throw_null_pointer_exception Runtime1 stub}
  0x000002530808feec: ffe8 0e03 

  0x000002530808fef0: ; ImmutableOopMap {rsi=Oop [104]=Oop [112]=Oop [128]=Oop [168]=Oop }
                      ;*invokevirtual loadClassOrNull {reexecute=0 rethrow=0 return_oop=0}
                      ; - jdk.internal.loader.BuiltinClassLoader::loadClassOrNull@86 (line 676)
                      ;   {metadata({method} {0x0000000800069f20} 'loadClassOrNull' '(Ljava/lang/String;)Ljava/lang/Class;' in 'jdk/internal/loader/BuiltinClassLoader')}
  0x000002530808fef0: 5b07 49ba | 189f 0600 | 0800 0000 | 4c89 5424 | 0848 c704 | 24ff ffff 

  0x000002530808ff08: ;   {runtime_call counter_overflow Runtime1 stub}
  0x000002530808ff08: ffe8 7258 

  0x000002530808ff0c: ; ImmutableOopMap {rsi=Oop [104]=Oop [112]=Oop [128]=Oop [168]=Oop }
                      ;*synchronization entry
                      ; - jdk.internal.loader.BuiltinClassLoader::loadClassOrNull@-1 (line 700)
                      ; - jdk.internal.loader.BuiltinClassLoader::loadClassOrNull@86 (line 676)
  0x000002530808ff0c: 5b07 e939 

  0x000002530808ff10: ;   {metadata({method} {0x00000008000696e0} 'hasClassPath' '()Z' in 'jdk/internal/loader/BuiltinClassLoader')}
  0x000002530808ff10: f9ff ff49 | bad8 9606 | 0008 0000 | 004c 8954 | 2408 48c7 | 0424 ffff 

  0x000002530808ff28: ;   {runtime_call counter_overflow Runtime1 stub}
  0x000002530808ff28: ffff e851 

  0x000002530808ff2c: ; ImmutableOopMap {rdx=Oop rsi=Oop [104]=Oop [112]=Oop [128]=Oop [168]=Oop }
                      ;*synchronization entry
                      ; - jdk.internal.loader.BuiltinClassLoader::hasClassPath@-1 (line 223)
                      ; - jdk.internal.loader.BuiltinClassLoader::loadClassOrNull@97 (line 680)
  0x000002530808ff2c: 585b 07e9 | d0fa ffff 

  0x000002530808ff34: ;   {metadata({method} {0x0000000800450340} 'isModuleSystemInited' '()Z' in 'jdk/internal/misc/VM')}
  0x000002530808ff34: 49ba 3803 | 4500 0800 | 0000 4c89 | 5424 0848 | c704 24ff 

  0x000002530808ff48: ;   {runtime_call counter_overflow Runtime1 stub}
  0x000002530808ff48: ffff ffe8 

  0x000002530808ff4c: ; ImmutableOopMap {rdx=Oop rsi=Oop [104]=Oop [112]=Oop [128]=Oop [168]=Oop }
                      ;*synchronization entry
                      ; - jdk.internal.misc.VM::isModuleSystemInited@-1 (line 91)
                      ; - jdk.internal.loader.BuiltinClassLoader::loadClassOrNull@103 (line 680)
  0x000002530808ff4c: 3058 5b07 | e989 fbff 

  0x000002530808ff54: ;   {metadata({method} {0x00000008004369a0} 'resolveClass' '(Ljava/lang/Class;)V' in 'java/lang/ClassLoader')}
  0x000002530808ff54: ff49 ba98 | 6943 0008 | 0000 004c | 8954 2408 | 48c7 0424 | ffff ffff 

  0x000002530808ff6c: ;   {runtime_call counter_overflow Runtime1 stub}
  0x000002530808ff6c: e80f 585b 

  0x000002530808ff70: ; ImmutableOopMap {rsi=Oop [128]=Oop [168]=Oop }
                      ;*synchronization entry
                      ; - java.lang.ClassLoader::resolveClass@-1 (line 1223)
                      ; - jdk.internal.loader.BuiltinClassLoader::loadClassOrNull@128 (line 688)
  0x000002530808ff70: 07e9 f9fc | ffff 488d | 8424 a000 | 0000 4889 

  0x000002530808ff80: ;   {runtime_call monitorexit_nofpu Runtime1 stub}
  0x000002530808ff80: 0424 e879 | 385b 07e9 | 47fd ffff 

  0x000002530808ff8c: ;   {internal_word}
  0x000002530808ff8c: 49ba defc | 0808 5302 | 0000 4d89 | 9790 0300 

  0x000002530808ff9c: ;   {runtime_call SafepointBlob}
  0x000002530808ff9c: 00e9 dead 

  0x000002530808ffa0: ;   {metadata(NULL)}
  0x000002530808ffa0: 4f07 48ba | 0000 0000 | 0000 0000 | b800 0f05 

  0x000002530808ffb0: ;   {runtime_call load_klass_patching Runtime1 stub}
  0x000002530808ffb0: 0ae8 4a47 

  0x000002530808ffb4: ; ImmutableOopMap {[128]=Oop [152]=Oop [168]=Oop }
                      ;*new {reexecute=1 rethrow=0 return_oop=0}
                      ; - (reexecute) java.lang.ClassLoader::resolveClass@4 (line 1224)
                      ; - jdk.internal.loader.BuiltinClassLoader::loadClassOrNull@128 (line 688)
  0x000002530808ffb4: 5b07 e93d | fdff ff48 

  0x000002530808ffbc: ;   {runtime_call fast_new_instance Runtime1 stub}
  0x000002530808ffbc: 8bd2 e83d 

  0x000002530808ffc0: ; ImmutableOopMap {[128]=Oop [152]=Oop [168]=Oop }
                      ;*new {reexecute=0 rethrow=0 return_oop=0}
                      ; - java.lang.ClassLoader::resolveClass@4 (line 1224)
                      ; - jdk.internal.loader.BuiltinClassLoader::loadClassOrNull@128 (line 688)
  0x000002530808ffc0: 0b5b 07e9 | 8cfd ffff | 488d 8424 | a000 0000 | 4889 0424 

  0x000002530808ffd4: ;   {runtime_call monitorexit_nofpu Runtime1 stub}
  0x000002530808ffd4: e827 385b | 07e9 fefd | ffff 498b | 8728 0400 | 0049 c787 | 2804 0000 | 0000 0000 | 49c7 8730 
  0x000002530808fff4: 0400 0000 | 0000 0048 | 81c4 c000 

  0x0000025308090000: ;   {runtime_call unwind_exception Runtime1 stub}
  0x0000025308090000: 0000 5de9 | 78e5 5a07 
[Stub Code]
  0x0000025308090008: ;   {no_reloc}
  0x0000025308090008: 0f1f 4400 

  0x000002530809000c: ;   {static_stub}
  0x000002530809000c: 0048 bba8 | 4f01 0008 

  0x0000025308090014: ;   {runtime_call I2C/C2I adapters}
  0x0000025308090014: 0000 00e9 | 3b98 4f07 

  0x000002530809001c: ;   {static_stub}
  0x000002530809001c: 9048 bb00 | 0000 0000 

  0x0000025308090024: ;   {runtime_call}
  0x0000025308090024: 0000 00e9 | fbff ffff 

  0x000002530809002c: ;   {static_stub}
  0x000002530809002c: 9048 bb00 | 0000 0000 

  0x0000025308090034: ;   {runtime_call}
  0x0000025308090034: 0000 00e9 | fbff ffff 
[Exception Handler]
  0x000002530809003c: ;   {runtime_call handle_exception_from_callee Runtime1 stub}
  0x000002530809003c: e8bf 1f5b 

  0x0000025308090040: ;   {external_word}
  0x0000025308090040: 0748 b9b0 | 235d 94fd | 7f00 0048 

  0x000002530809004c: ;   {runtime_call}
  0x000002530809004c: 83e4 f048 | b820 1629 | 94fd 7f00 | 00ff d0f4 
[Deopt Handler Code]
  0x000002530809005c: ;   {section_word}
  0x000002530809005c: 49ba 5c00 | 0908 5302 | 0000 4152 

  0x0000025308090068: ;   {runtime_call DeoptimizationBlob}
  0x0000025308090068: e9b3 9f4f 

  0x000002530809006c: ;   {static_stub}
  0x000002530809006c: 0748 bb00 | 0000 0000 

  0x0000025308090074: ;   {runtime_call}
  0x0000025308090074: 0000 00e9 | fbff ffff 

  0x000002530809007c: ;   {static_stub}
  0x000002530809007c: 48bb 509b | 0600 0800 

  0x0000025308090084: ;   {runtime_call I2C/C2I adapters}
  0x0000025308090084: 0000 e9cc 

  0x0000025308090088: ;   {static_stub}
  0x0000025308090088: 974f 0748 | bb00 0000 | 0000 0000 

  0x0000025308090094: ;   {runtime_call}
  0x0000025308090094: 00e9 fbff 

  0x0000025308090098: ;   {static_stub}
  0x0000025308090098: ffff 48bb | c09e 0600 | 0800 0000 

  0x00000253080900a4: ;   {runtime_call I2C/C2I adapters}
  0x00000253080900a4: e9ae 974f 

  0x00000253080900a8: ;   {static_stub}
  0x00000253080900a8: 0748 bb00 | 0000 0000 

  0x00000253080900b0: ;   {runtime_call}
  0x00000253080900b0: 0000 00e9 | fbff ffff 

  0x00000253080900b8: ;   {static_stub}
  0x00000253080900b8: 48bb 0000 | 0000 0000 

  0x00000253080900c0: ;   {runtime_call}
  0x00000253080900c0: 0000 e9fb | ffff fff4 
[/MachCode]


---------------  P R O C E S S  ---------------

Threads class SMR info:
_java_thread_list=0x000002531b2b0810, length=12, elements={
0x0000025379adbcf0, 0x000002537d5647a0, 0x000002537d5655a0, 0x000002537d5698d0,
0x000002537d56c220, 0x000002537d56db70, 0x000002537d56e4b0, 0x000002537d56f8c0,
0x000002537d57aac0, 0x000002531b1296c0, 0x000002531b541090, 0x000002531b5415e0
}

Java Threads: ( => current thread )
=>0x0000025379adbcf0 JavaThread "main" [_thread_in_vm, id=8816, stack(0x000000aa69100000,0x000000aa69200000)]
  0x000002537d5647a0 JavaThread "Reference Handler" daemon [_thread_blocked, id=3768, stack(0x000000aa69800000,0x000000aa69900000)]
  0x000002537d5655a0 JavaThread "Finalizer" daemon [_thread_blocked, id=6608, stack(0x000000aa69900000,0x000000aa69a00000)]
  0x000002537d5698d0 JavaThread "Signal Dispatcher" daemon [_thread_blocked, id=13172, stack(0x000000aa69a00000,0x000000aa69b00000)]
  0x000002537d56c220 JavaThread "Attach Listener" daemon [_thread_blocked, id=3764, stack(0x000000aa69b00000,0x000000aa69c00000)]
  0x000002537d56db70 JavaThread "Service Thread" daemon [_thread_blocked, id=2572, stack(0x000000aa69c00000,0x000000aa69d00000)]
  0x000002537d56e4b0 JavaThread "Monitor Deflation Thread" daemon [_thread_blocked, id=6724, stack(0x000000aa69d00000,0x000000aa69e00000)]
  0x000002537d56f8c0 JavaThread "C2 CompilerThread0" daemon [_thread_blocked, id=3120, stack(0x000000aa69e00000,0x000000aa69f00000)]
  0x000002537d57aac0 JavaThread "C1 CompilerThread0" daemon [_thread_blocked, id=11376, stack(0x000000aa69f00000,0x000000aa6a000000)]
  0x000002531b1296c0 JavaThread "Common-Cleaner" daemon [_thread_blocked, id=7420, stack(0x000000aa6a000000,0x000000aa6a100000)]
  0x000002531b541090 JavaThread "Monitor Ctrl-Break" daemon [_thread_in_native, id=3376, stack(0x000000aa6a100000,0x000000aa6a200000)]
  0x000002531b5415e0 JavaThread "Notification Thread" daemon [_thread_blocked, id=1172, stack(0x000000aa6a200000,0x000000aa6a300000)]

Other Threads:
  0x0000025379b96ea0 VMThread "VM Thread" [stack: 0x000000aa69700000,0x000000aa69800000] [id=2616]
  0x0000025379adc890 WatcherThread "VM Periodic Task Thread" [stack: 0x000000aa6a300000,0x000000aa6a400000] [id=12132]
  0x0000025379b1db80 WorkerThread "GC Thread#0" [stack: 0x000000aa69200000,0x000000aa69300000] [id=11472]
  0x0000025379b275b0 ConcurrentGCThread "G1 Main Marker" [stack: 0x000000aa69300000,0x000000aa69400000] [id=12856]
  0x0000025379b27ef0 WorkerThread "G1 Conc#0" [stack: 0x000000aa69400000,0x000000aa69500000] [id=10244]
  0x0000025379b74a10 ConcurrentGCThread "G1 Refine#0" [stack: 0x000000aa69500000,0x000000aa69600000] [id=5516]
  0x0000025379b753c0 ConcurrentGCThread "G1 Service" [stack: 0x000000aa69600000,0x000000aa69700000] [id=6352]

Threads with active compile tasks:

VM state: not at safepoint (normal execution)

VM Mutex/Monitor currently owned by a thread:  ([mutex/lock_event])
[0x00000253778af3b0] Metaspace_lock - owner thread: 0x0000025379adbcf0

Heap address: 0x00000000c2000000, size: 992 MB, Compressed Oops mode: 32-bit

CDS archive(s) mapped at: [0x0000000800000000-0x0000000800c60000-0x0000000800c60000), size 12976128, SharedBaseAddress: 0x0000000800000000, ArchiveRelocationMode: 0.
Compressed class space mapped at: 0x0000000801000000-0x0000000841000000, reserved size: 1073741824
Narrow klass base: 0x0000000800000000, Narrow klass shift: 0, Narrow klass range: 0x100000000

GC Precious Log:
 CardTable entry size: 512
 Card Set container configuration: InlinePtr #cards 5 size 8 Array Of Cards #cards 12 size 40 Howl #buckets 4 coarsen threshold 1843 Howl Bitmap #cards 512 size 80 coarsen threshold 460 Card regions per heap region 1 cards per card region 2048
 CPUs: 4 total, 4 available
 Memory: 3962M
 Large Page Support: Disabled
 NUMA Support: Disabled
 Compressed Oops: Enabled (32-bit)
 Heap Region Size: 1M
 Heap Min Capacity: 8M
 Heap Initial Capacity: 62M
 Heap Max Capacity: 992M
 Pre-touch: Disabled
 Parallel Workers: 4
 Concurrent Workers: 1
 Concurrent Refinement Workers: 4
 Periodic GC: Disabled

Heap:
 garbage-first heap   total 63488K, used 10240K [0x00000000c2000000, 0x0000000100000000)
  region size 1024K, 11 young (11264K), 0 survivors (0K)
 Metaspace       used 2699K, committed 2880K, reserved 1114112K
  class space    used 259K, committed 384K, reserved 1048576K

Heap Regions: E=young(eden), S=young(survivor), O=old, HS=humongous(starts), HC=humongous(continues), CS=collection set, F=free, OA=open archive, CA=closed archive, TAMS=top-at-mark-start, PB=parsable bottom
|   0|0x00000000c2000000, 0x00000000c2100000, 0x00000000c2100000|100%|HS|  |TAMS 0x00000000c2000000| PB 0x00000000c2000000| Complete 
|   1|0x00000000c2100000, 0x00000000c2100000, 0x00000000c2200000|  0%| F|  |TAMS 0x00000000c2100000| PB 0x00000000c2100000| Untracked 
|   2|0x00000000c2200000, 0x00000000c2200000, 0x00000000c2300000|  0%| F|  |TAMS 0x00000000c2200000| PB 0x00000000c2200000| Untracked 
|   3|0x00000000c2300000, 0x00000000c2300000, 0x00000000c2400000|  0%| F|  |TAMS 0x00000000c2300000| PB 0x00000000c2300000| Untracked 
|   4|0x00000000c2400000, 0x00000000c2400000, 0x00000000c2500000|  0%| F|  |TAMS 0x00000000c2400000| PB 0x00000000c2400000| Untracked 
|   5|0x00000000c2500000, 0x00000000c2500000, 0x00000000c2600000|  0%| F|  |TAMS 0x00000000c2500000| PB 0x00000000c2500000| Untracked 
|   6|0x00000000c2600000, 0x00000000c2600000, 0x00000000c2700000|  0%| F|  |TAMS 0x00000000c2600000| PB 0x00000000c2600000| Untracked 
|   7|0x00000000c2700000, 0x00000000c2700000, 0x00000000c2800000|  0%| F|  |TAMS 0x00000000c2700000| PB 0x00000000c2700000| Untracked 
|   8|0x00000000c2800000, 0x00000000c2800000, 0x00000000c2900000|  0%| F|  |TAMS 0x00000000c2800000| PB 0x00000000c2800000| Untracked 
|   9|0x00000000c2900000, 0x00000000c2900000, 0x00000000c2a00000|  0%| F|  |TAMS 0x00000000c2900000| PB 0x00000000c2900000| Untracked 
|  10|0x00000000c2a00000, 0x00000000c2a00000, 0x00000000c2b00000|  0%| F|  |TAMS 0x00000000c2a00000| PB 0x00000000c2a00000| Untracked 
|  11|0x00000000c2b00000, 0x00000000c2b00000, 0x00000000c2c00000|  0%| F|  |TAMS 0x00000000c2b00000| PB 0x00000000c2b00000| Untracked 
|  12|0x00000000c2c00000, 0x00000000c2c00000, 0x00000000c2d00000|  0%| F|  |TAMS 0x00000000c2c00000| PB 0x00000000c2c00000| Untracked 
|  13|0x00000000c2d00000, 0x00000000c2d00000, 0x00000000c2e00000|  0%| F|  |TAMS 0x00000000c2d00000| PB 0x00000000c2d00000| Untracked 
|  14|0x00000000c2e00000, 0x00000000c2e00000, 0x00000000c2f00000|  0%| F|  |TAMS 0x00000000c2e00000| PB 0x00000000c2e00000| Untracked 
|  15|0x00000000c2f00000, 0x00000000c2f00000, 0x00000000c3000000|  0%| F|  |TAMS 0x00000000c2f00000| PB 0x00000000c2f00000| Untracked 
|  16|0x00000000c3000000, 0x00000000c3000000, 0x00000000c3100000|  0%| F|  |TAMS 0x00000000c3000000| PB 0x00000000c3000000| Untracked 
|  17|0x00000000c3100000, 0x00000000c3100000, 0x00000000c3200000|  0%| F|  |TAMS 0x00000000c3100000| PB 0x00000000c3100000| Untracked 
|  18|0x00000000c3200000, 0x00000000c3200000, 0x00000000c3300000|  0%| F|  |TAMS 0x00000000c3200000| PB 0x00000000c3200000| Untracked 
|  19|0x00000000c3300000, 0x00000000c3300000, 0x00000000c3400000|  0%| F|  |TAMS 0x00000000c3300000| PB 0x00000000c3300000| Untracked 
|  20|0x00000000c3400000, 0x00000000c3400000, 0x00000000c3500000|  0%| F|  |TAMS 0x00000000c3400000| PB 0x00000000c3400000| Untracked 
|  21|0x00000000c3500000, 0x00000000c3500000, 0x00000000c3600000|  0%| F|  |TAMS 0x00000000c3500000| PB 0x00000000c3500000| Untracked 
|  22|0x00000000c3600000, 0x00000000c3600000, 0x00000000c3700000|  0%| F|  |TAMS 0x00000000c3600000| PB 0x00000000c3600000| Untracked 
|  23|0x00000000c3700000, 0x00000000c3700000, 0x00000000c3800000|  0%| F|  |TAMS 0x00000000c3700000| PB 0x00000000c3700000| Untracked 
|  24|0x00000000c3800000, 0x00000000c3800000, 0x00000000c3900000|  0%| F|  |TAMS 0x00000000c3800000| PB 0x00000000c3800000| Untracked 
|  25|0x00000000c3900000, 0x00000000c3900000, 0x00000000c3a00000|  0%| F|  |TAMS 0x00000000c3900000| PB 0x00000000c3900000| Untracked 
|  26|0x00000000c3a00000, 0x00000000c3a00000, 0x00000000c3b00000|  0%| F|  |TAMS 0x00000000c3a00000| PB 0x00000000c3a00000| Untracked 
|  27|0x00000000c3b00000, 0x00000000c3b00000, 0x00000000c3c00000|  0%| F|  |TAMS 0x00000000c3b00000| PB 0x00000000c3b00000| Untracked 
|  28|0x00000000c3c00000, 0x00000000c3c00000, 0x00000000c3d00000|  0%| F|  |TAMS 0x00000000c3c00000| PB 0x00000000c3c00000| Untracked 
|  29|0x00000000c3d00000, 0x00000000c3d00000, 0x00000000c3e00000|  0%| F|  |TAMS 0x00000000c3d00000| PB 0x00000000c3d00000| Untracked 
|  30|0x00000000c3e00000, 0x00000000c3e00000, 0x00000000c3f00000|  0%| F|  |TAMS 0x00000000c3e00000| PB 0x00000000c3e00000| Untracked 
|  31|0x00000000c3f00000, 0x00000000c3f00000, 0x00000000c4000000|  0%| F|  |TAMS 0x00000000c3f00000| PB 0x00000000c3f00000| Untracked 
|  32|0x00000000c4000000, 0x00000000c4000000, 0x00000000c4100000|  0%| F|  |TAMS 0x00000000c4000000| PB 0x00000000c4000000| Untracked 
|  33|0x00000000c4100000, 0x00000000c4100000, 0x00000000c4200000|  0%| F|  |TAMS 0x00000000c4100000| PB 0x00000000c4100000| Untracked 
|  34|0x00000000c4200000, 0x00000000c4200000, 0x00000000c4300000|  0%| F|  |TAMS 0x00000000c4200000| PB 0x00000000c4200000| Untracked 
|  35|0x00000000c4300000, 0x00000000c4300000, 0x00000000c4400000|  0%| F|  |TAMS 0x00000000c4300000| PB 0x00000000c4300000| Untracked 
|  36|0x00000000c4400000, 0x00000000c4400000, 0x00000000c4500000|  0%| F|  |TAMS 0x00000000c4400000| PB 0x00000000c4400000| Untracked 
|  37|0x00000000c4500000, 0x00000000c4500000, 0x00000000c4600000|  0%| F|  |TAMS 0x00000000c4500000| PB 0x00000000c4500000| Untracked 
|  38|0x00000000c4600000, 0x00000000c4600000, 0x00000000c4700000|  0%| F|  |TAMS 0x00000000c4600000| PB 0x00000000c4600000| Untracked 
|  39|0x00000000c4700000, 0x00000000c4700000, 0x00000000c4800000|  0%| F|  |TAMS 0x00000000c4700000| PB 0x00000000c4700000| Untracked 
|  40|0x00000000c4800000, 0x00000000c4800000, 0x00000000c4900000|  0%| F|  |TAMS 0x00000000c4800000| PB 0x00000000c4800000| Untracked 
|  41|0x00000000c4900000, 0x00000000c4900000, 0x00000000c4a00000|  0%| F|  |TAMS 0x00000000c4900000| PB 0x00000000c4900000| Untracked 
|  42|0x00000000c4a00000, 0x00000000c4a00000, 0x00000000c4b00000|  0%| F|  |TAMS 0x00000000c4a00000| PB 0x00000000c4a00000| Untracked 
|  43|0x00000000c4b00000, 0x00000000c4b00000, 0x00000000c4c00000|  0%| F|  |TAMS 0x00000000c4b00000| PB 0x00000000c4b00000| Untracked 
|  44|0x00000000c4c00000, 0x00000000c4c00000, 0x00000000c4d00000|  0%| F|  |TAMS 0x00000000c4c00000| PB 0x00000000c4c00000| Untracked 
|  45|0x00000000c4d00000, 0x00000000c4d00000, 0x00000000c4e00000|  0%| F|  |TAMS 0x00000000c4d00000| PB 0x00000000c4d00000| Untracked 
|  46|0x00000000c4e00000, 0x00000000c4e00000, 0x00000000c4f00000|  0%| F|  |TAMS 0x00000000c4e00000| PB 0x00000000c4e00000| Untracked 
|  47|0x00000000c4f00000, 0x00000000c4f00000, 0x00000000c5000000|  0%| F|  |TAMS 0x00000000c4f00000| PB 0x00000000c4f00000| Untracked 
|  48|0x00000000c5000000, 0x00000000c5000000, 0x00000000c5100000|  0%| F|  |TAMS 0x00000000c5000000| PB 0x00000000c5000000| Untracked 
|  49|0x00000000c5100000, 0x00000000c5100000, 0x00000000c5200000|  0%| F|  |TAMS 0x00000000c5100000| PB 0x00000000c5100000| Untracked 
|  50|0x00000000c5200000, 0x00000000c5200000, 0x00000000c5300000|  0%| F|  |TAMS 0x00000000c5200000| PB 0x00000000c5200000| Untracked 
|  51|0x00000000c5300000, 0x00000000c5390d78, 0x00000000c5400000| 56%| E|  |TAMS 0x00000000c5300000| PB 0x00000000c5300000| Complete 
|  52|0x00000000c5400000, 0x00000000c5500000, 0x00000000c5500000|100%| E|CS|TAMS 0x00000000c5400000| PB 0x00000000c5400000| Complete 
|  53|0x00000000c5500000, 0x00000000c5600000, 0x00000000c5600000|100%| E|CS|TAMS 0x00000000c5500000| PB 0x00000000c5500000| Complete 
|  54|0x00000000c5600000, 0x00000000c5700000, 0x00000000c5700000|100%| E|CS|TAMS 0x00000000c5600000| PB 0x00000000c5600000| Complete 
|  55|0x00000000c5700000, 0x00000000c5800000, 0x00000000c5800000|100%| E|CS|TAMS 0x00000000c5700000| PB 0x00000000c5700000| Complete 
|  56|0x00000000c5800000, 0x00000000c5900000, 0x00000000c5900000|100%| E|CS|TAMS 0x00000000c5800000| PB 0x00000000c5800000| Complete 
|  57|0x00000000c5900000, 0x00000000c59fffa8, 0x00000000c5a00000| 99%| E|  |TAMS 0x00000000c5900000| PB 0x00000000c5900000| Complete 
|  58|0x00000000c5a00000, 0x00000000c5b00000, 0x00000000c5b00000|100%| E|CS|TAMS 0x00000000c5a00000| PB 0x00000000c5a00000| Complete 
|  59|0x00000000c5b00000, 0x00000000c5c00000, 0x00000000c5c00000|100%| E|CS|TAMS 0x00000000c5b00000| PB 0x00000000c5b00000| Complete 
|  60|0x00000000c5c00000, 0x00000000c5d00000, 0x00000000c5d00000|100%| E|CS|TAMS 0x00000000c5c00000| PB 0x00000000c5c00000| Complete 
|  61|0x00000000c5d00000, 0x00000000c5e00000, 0x00000000c5e00000|100%| E|CS|TAMS 0x00000000c5d00000| PB 0x00000000c5d00000| Complete 

Card table byte_map: [0x0000025379d90000,0x0000025379f80000] _byte_map_base: 0x0000025379780000

Marking Bits: (CMBitMap*) 0x0000025379b1f0d0
 Bits: [0x000002537a170000, 0x000002537b0f0000)

Polling page: 0x0000025377a90000

Metaspace:

Usage:
  Non-class:      2.38 MB used.
      Class:    259.87 KB used.
       Both:      2.64 MB used.

Virtual space:
  Non-class space:       64.00 MB reserved,       2.44 MB (  4%) committed,  1 nodes.
      Class space:        1.00 GB reserved,     384.00 KB ( <1%) committed,  1 nodes.
             Both:        1.06 GB reserved,       2.81 MB ( <1%) committed. 

Chunk freelists:
   Non-Class:  3.17 MB
       Class:  3.61 MB
        Both:  6.78 MB

MaxMetaspaceSize: unlimited
CompressedClassSpaceSize: 1.00 GB
Initial GC threshold: 21.00 MB
Current GC threshold: 21.00 MB
CDS: on
MetaspaceReclaimPolicy: balanced
 - commit_granule_bytes: 65536.
 - commit_granule_words: 8192.
 - virtual_space_node_default_size: 8388608.
 - enlarge_chunks_in_place: 1.
 - new_chunks_are_fully_committed: 0.
 - uncommit_free_chunks: 1.
 - use_allocation_guard: 0.


Internal statistics:

num_allocs_failed_limit: 0.
num_arena_births: 88.
num_arena_deaths: 0.
num_vsnodes_births: 2.
num_vsnodes_deaths: 0.
num_space_committed: 45.
num_space_uncommitted: 0.
num_chunks_returned_to_freelist: 0.
num_chunks_taken_from_freelist: 158.
num_chunk_merges: 0.
num_chunk_splits: 91.
num_chunks_enlarged: 34.
num_inconsistent_stats: 0.

CodeHeap 'non-profiled nmethods': size=120000Kb used=269Kb max_used=269Kb free=119730Kb
 bounds [0x000002530fac0000, 0x000002530fd30000, 0x0000025316ff0000]
CodeHeap 'profiled nmethods': size=120000Kb used=1092Kb max_used=1092Kb free=118907Kb
 bounds [0x0000025307ff0000, 0x0000025308260000, 0x000002530f520000]
CodeHeap 'non-nmethods': size=5760Kb used=1406Kb max_used=1424Kb free=4354Kb
 bounds [0x000002530f520000, 0x000002530f790000, 0x000002530fac0000]
 total_blobs=1181 nmethods=730 adapters=362
 compilation: enabled
              stopped_count=0, restarted_count=0
 full_count=0

Compilation events (20 events):
Event: 1.429 Thread 0x000002537d57aac0  719       3       java.security.CodeSource::getCertificates (95 bytes)
Event: 1.430 Thread 0x000002537d57aac0 nmethod 719 0x00000253080f7b10 code [0x00000253080f7d60, 0x00000253080f8898]
Event: 1.431 Thread 0x000002537d57aac0  720   !   3       java.util.zip.Inflater::needsInput (55 bytes)
Event: 1.432 Thread 0x000002537d57aac0 nmethod 720 0x00000253080f8b90 code [0x00000253080f8d40, 0x00000253080f9110]
Event: 1.432 Thread 0x000002537d57aac0  721   !   3       java.util.zip.Inflater::inflate (456 bytes)
Event: 1.434 Thread 0x000002537d56f8c0 nmethod 714 0x000002530faff990 code [0x000002530faffb20, 0x000002530fb000f8]
Event: 1.435 Thread 0x000002537d56f8c0  715   !   4       java.util.zip.ZipFile::getEntry (59 bytes)
Event: 1.435 Thread 0x000002537d57aac0 nmethod 721 0x00000253080f9290 code [0x00000253080f9640, 0x00000253080fb370]
Event: 1.443 Thread 0x000002537d57aac0  723       3       java.util.ArrayList$Itr::hasNext (20 bytes)
Event: 1.443 Thread 0x000002537d57aac0 nmethod 723 0x00000253080fc310 code [0x00000253080fc4a0, 0x00000253080fc618]
Event: 1.446 Thread 0x000002537d57aac0  724       3       java.util.Arrays::copyOf (10 bytes)
Event: 1.446 Thread 0x000002537d57aac0 nmethod 724 0x00000253080fc710 code [0x00000253080fc8a0, 0x00000253080fc9e0]
Event: 1.459 Thread 0x000002537d57aac0  728       3       java.lang.ClassLoader::getClassLoadingLock (35 bytes)
Event: 1.460 Thread 0x000002537d57aac0 nmethod 728 0x00000253080fca90 code [0x00000253080fcc40, 0x00000253080fcf30]
Event: 1.460 Thread 0x000002537d57aac0  729       3       jdk.internal.loader.BuiltinClassLoader::findLoadedModule (33 bytes)
Event: 1.460 Thread 0x000002537d57aac0 nmethod 729 0x00000253080fd090 code [0x00000253080fd2a0, 0x00000253080fd8e8]
Event: 1.461 Thread 0x000002537d56f8c0 nmethod 715 0x000002530fb00410 code [0x000002530fb00600, 0x000002530fb011b8]
Event: 1.461 Thread 0x000002537d56f8c0  722   !   4       java.util.zip.ZipFile$Source::getEntryPos (195 bytes)
Event: 1.463 Thread 0x000002537d57aac0  730   !   3       java.util.concurrent.ConcurrentHashMap::computeIfAbsent (576 bytes)
Event: 1.467 Thread 0x000002537d57aac0 nmethod 730 0x00000253080fdb10 code [0x00000253080fdf20, 0x00000253081002c0]

GC Heap History (0 events):
No events

Dll operation events (10 events):
Event: 0.016 Loaded shared library C:\Program Files\Java\jdk-20\bin\java.dll
Event: 0.046 Loaded shared library C:\Program Files\Java\jdk-20\bin\jsvml.dll
Event: 0.406 Loaded shared library C:\Program Files\Java\jdk-20\bin\zip.dll
Event: 0.416 Loaded shared library C:\Program Files\Java\jdk-20\bin\instrument.dll
Event: 0.429 Loaded shared library C:\Program Files\Java\jdk-20\bin\net.dll
Event: 0.432 Loaded shared library C:\Program Files\Java\jdk-20\bin\nio.dll
Event: 0.438 Loaded shared library C:\Program Files\Java\jdk-20\bin\zip.dll
Event: 0.756 Loaded shared library C:\Program Files\JetBrains\IntelliJ IDEA Community Edition 2023.2\bin\breakgen64.dll
Event: 0.779 Loaded shared library C:\Program Files\Java\jdk-20\bin\extnet.dll
Event: 0.895 Loaded shared library C:\Program Files\Java\jdk-20\bin\jimage.dll

Deoptimization events (20 events):
Event: 0.567 Thread 0x0000025379adbcf0 DEOPT PACKING pc=0x0000025307ff8641 sp=0x000000aa691fe260
Event: 0.567 Thread 0x0000025379adbcf0 DEOPT UNPACKING pc=0x000002530f58a4c2 sp=0x000000aa691fd6d8 mode 0
Event: 0.612 Thread 0x0000025379adbcf0 DEOPT PACKING pc=0x0000025307ff8641 sp=0x000000aa691fe260
Event: 0.612 Thread 0x0000025379adbcf0 DEOPT UNPACKING pc=0x000002530f58a4c2 sp=0x000000aa691fd6d8 mode 0
Event: 0.760 Thread 0x0000025379adbcf0 Uncommon trap: trap_request=0xffffff45 fr.pc=0x000002530fac15ec relative=0x000000000000006c
Event: 0.760 Thread 0x0000025379adbcf0 Uncommon trap: reason=unstable_if action=reinterpret pc=0x000002530fac15ec method=java.lang.String.isLatin1()Z @ 10 c2
Event: 0.760 Thread 0x0000025379adbcf0 DEOPT PACKING pc=0x000002530fac15ec sp=0x000000aa691fe930
Event: 0.760 Thread 0x0000025379adbcf0 DEOPT UNPACKING pc=0x000002530f589d22 sp=0x000000aa691fe8c0 mode 2
Event: 0.760 Thread 0x0000025379adbcf0 Uncommon trap: trap_request=0xffffff45 fr.pc=0x000002530fac1934 relative=0x00000000000000b4
Event: 0.760 Thread 0x0000025379adbcf0 Uncommon trap: reason=unstable_if action=reinterpret pc=0x000002530fac1934 method=java.lang.String.isLatin1()Z @ 10 c2
Event: 0.760 Thread 0x0000025379adbcf0 DEOPT PACKING pc=0x000002530fac1934 sp=0x000000aa691ff340
Event: 0.760 Thread 0x0000025379adbcf0 DEOPT UNPACKING pc=0x000002530f589d22 sp=0x000000aa691ff280 mode 2
Event: 0.914 Thread 0x0000025379adbcf0 Uncommon trap: trap_request=0xffffff45 fr.pc=0x000002530fadaf78 relative=0x0000000000000078
Event: 0.914 Thread 0x0000025379adbcf0 Uncommon trap: reason=unstable_if action=reinterpret pc=0x000002530fadaf78 method=java.io.WinNTFileSystem.isSlash(C)Z @ 9 c2
Event: 0.914 Thread 0x0000025379adbcf0 DEOPT PACKING pc=0x000002530fadaf78 sp=0x000000aa691fe020
Event: 0.914 Thread 0x0000025379adbcf0 DEOPT UNPACKING pc=0x000002530f589d22 sp=0x000000aa691fdfa8 mode 2
Event: 1.234 Thread 0x0000025379adbcf0 DEOPT PACKING pc=0x00000253080305c7 sp=0x000000aa691fc9f0
Event: 1.234 Thread 0x0000025379adbcf0 DEOPT UNPACKING pc=0x000002530f58a4c2 sp=0x000000aa691fbe88 mode 0
Event: 1.352 Thread 0x0000025379adbcf0 DEOPT PACKING pc=0x0000025308065d75 sp=0x000000aa691fd8b0
Event: 1.352 Thread 0x0000025379adbcf0 DEOPT UNPACKING pc=0x000002530f58a4c2 sp=0x000000aa691fcd00 mode 0

Classes loaded (20 events):
Event: 1.379 Loading class java/time/zone/ZoneRulesProvider$1
Event: 1.379 Loading class java/time/zone/ZoneRulesProvider$1 done
Event: 1.379 Loading class java/time/zone/TzdbZoneRulesProvider
Event: 1.379 Loading class java/time/zone/TzdbZoneRulesProvider done
Event: 1.392 Loading class java/time/zone/Ser
Event: 1.393 Loading class java/io/Externalizable
Event: 1.393 Loading class java/io/Externalizable done
Event: 1.393 Loading class java/time/zone/Ser done
Event: 1.397 Loading class java/time/zone/ZoneOffsetTransition
Event: 1.398 Loading class java/time/zone/ZoneOffsetTransition done
Event: 1.419 Loading class java/util/concurrent/atomic/AtomicReference
Event: 1.419 Loading class java/util/concurrent/atomic/AtomicReference done
Event: 1.434 Loading class java/lang/NumberFormatException
Event: 1.435 Loading class java/lang/NumberFormatException done
Event: 1.452 Loading class java/util/EventListener
Event: 1.452 Loading class java/util/EventListener done
Event: 1.452 Loading class java/lang/InterruptedException
Event: 1.452 Loading class java/lang/InterruptedException done
Event: 1.452 Loading class java/util/concurrent/TimeoutException
Event: 1.452 Loading class java/util/concurrent/TimeoutException done

Classes unloaded (0 events):
No events

Classes redefined (0 events):
No events

Internal exceptions (7 events):
Event: 0.732 Thread 0x0000025379adbcf0 Exception <a 'java/lang/NoSuchMethodError'{0x00000000c573d510}: 'void java.lang.invoke.DirectMethodHandle$Holder.invokeStatic(java.lang.Object, java.lang.Object, java.lang.Object)'> (0x00000000c573d510) 
thrown [s\open\src\hotspot\share\interpreter\linkResolver.cpp, line 773]
Event: 0.745 Thread 0x0000025379adbcf0 Exception <a 'java/lang/NoSuchMethodError'{0x00000000c5772f08}: 'java.lang.Object java.lang.invoke.Invokers$Holder.invokeExact_MT(java.lang.Object, java.lang.Object, java.lang.Object, java.lang.Object, java.lang.Object)'> (0x00000000c5772f08) 
thrown [s\open\src\hotspot\share\interpreter\linkResolver.cpp, line 773]
Event: 0.782 Thread 0x000002531b541090 Exception <a 'java/lang/NoSuchMethodError'{0x00000000c57ad428}: 'void java.lang.invoke.DirectMethodHandle$Holder.invokeStatic(java.lang.Object, java.lang.Object)'> (0x00000000c57ad428) 
thrown [s\open\src\hotspot\share\interpreter\linkResolver.cpp, line 773]
Event: 1.143 Thread 0x0000025379adbcf0 Exception <a 'java/lang/NoSuchMethodError'{0x00000000c55d5648}: 'java.lang.Object java.lang.invoke.DirectMethodHandle$Holder.invokeSpecial(java.lang.Object, java.lang.Object, java.lang.Object, long, java.lang.Object)'> (0x00000000c55d5648) 
thrown [s\open\src\hotspot\share\interpreter\linkResolver.cpp, line 773]
Event: 1.144 Thread 0x0000025379adbcf0 Exception <a 'java/lang/NoSuchMethodError'{0x00000000c55d8f98}: 'java.lang.Object java.lang.invoke.Invokers$Holder.linkToTargetMethod(java.lang.Object, long, java.lang.Object, java.lang.Object)'> (0x00000000c55d8f98) 
thrown [s\open\src\hotspot\share\interpreter\linkResolver.cpp, line 773]
Event: 1.278 Thread 0x0000025379adbcf0 Exception <a 'java/lang/ClassNotFoundException'{0x00000000c540e058}: javax/smartcardio/CardPermission> (0x00000000c540e058) 
thrown [s\open\src\hotspot\share\classfile\systemDictionary.cpp, line 305]
Event: 1.285 Thread 0x0000025379adbcf0 Exception <a 'java/io/FileNotFoundException'{0x00000000c541c818}> (0x00000000c541c818) 
thrown [s\open\src\hotspot\share\prims\jni.cpp, line 519]

VM Operations (10 events):
Event: 0.348 Executing VM operation: HandshakeAllThreads
Event: 0.348 Executing VM operation: HandshakeAllThreads done
Event: 0.766 Executing VM operation: HandshakeAllThreads
Event: 0.767 Executing VM operation: HandshakeAllThreads done
Event: 0.914 Executing VM operation: HandshakeAllThreads
Event: 0.914 Executing VM operation: HandshakeAllThreads done
Event: 1.436 Executing VM operation: HandshakeAllThreads
Event: 1.436 Executing VM operation: HandshakeAllThreads done
Event: 1.436 Executing VM operation: Cleanup
Event: 1.436 Executing VM operation: Cleanup done

Events (12 events):
Event: 0.046 Thread 0x0000025379adbcf0 Thread added: 0x0000025379adbcf0
Event: 0.073 Thread 0x000002537d5647a0 Thread added: 0x000002537d5647a0
Event: 0.073 Thread 0x000002537d5655a0 Thread added: 0x000002537d5655a0
Event: 0.073 Thread 0x000002537d5698d0 Thread added: 0x000002537d5698d0
Event: 0.074 Thread 0x000002537d56c220 Thread added: 0x000002537d56c220
Event: 0.074 Thread 0x000002537d56db70 Thread added: 0x000002537d56db70
Event: 0.074 Thread 0x000002537d56e4b0 Thread added: 0x000002537d56e4b0
Event: 0.074 Thread 0x000002537d56f8c0 Thread added: 0x000002537d56f8c0
Event: 0.074 Thread 0x000002537d57aac0 Thread added: 0x000002537d57aac0
Event: 0.299 Thread 0x000002531b1296c0 Thread added: 0x000002531b1296c0
Event: 0.758 Thread 0x000002531b541090 Thread added: 0x000002531b541090
Event: 0.759 Thread 0x000002531b5415e0 Thread added: 0x000002531b5415e0


Dynamic libraries:
0x00007ff6467f0000 - 0x00007ff646800000 	C:\Program Files\Java\jdk-20\bin\java.exe
0x00007ffdc27d0000 - 0x00007ffdc29c8000 	C:\Windows\SYSTEM32\ntdll.dll
0x00007ffdc1e90000 - 0x00007ffdc1f4d000 	C:\Windows\System32\KERNEL32.DLL
0x00007ffdbfeb0000 - 0x00007ffdc01a6000 	C:\Windows\System32\KERNELBASE.dll
0x00007ffdc0480000 - 0x00007ffdc0580000 	C:\Windows\System32\ucrtbase.dll
0x00007ffdb7de0000 - 0x00007ffdb7df9000 	C:\Program Files\Java\jdk-20\bin\jli.dll
0x00007ffdc1f50000 - 0x00007ffdc1ffe000 	C:\Windows\System32\ADVAPI32.dll
0x00007ffdc2140000 - 0x00007ffdc21de000 	C:\Windows\System32\msvcrt.dll
0x00007ffdb7f70000 - 0x00007ffdb7f8b000 	C:\Program Files\Java\jdk-20\bin\VCRUNTIME140.dll
0x00007ffdc1090000 - 0x00007ffdc112c000 	C:\Windows\System32\sechost.dll
0x00007ffdc2010000 - 0x00007ffdc2136000 	C:\Windows\System32\RPCRT4.dll
0x00007ffdc2290000 - 0x00007ffdc242e000 	C:\Windows\System32\USER32.dll
0x00007ffdc01b0000 - 0x00007ffdc01d2000 	C:\Windows\System32\win32u.dll
0x00007ffdc1c10000 - 0x00007ffdc1c3c000 	C:\Windows\System32\GDI32.dll
0x00007ffdc0630000 - 0x00007ffdc074a000 	C:\Windows\System32\gdi32full.dll
0x00007ffdc0370000 - 0x00007ffdc040d000 	C:\Windows\System32\msvcp_win.dll
0x00007ffdaef90000 - 0x00007ffdaf22a000 	C:\Windows\WinSxS\amd64_microsoft.windows.common-controls_6595b64144ccf1df_6.0.19041.1110_none_60b5254171f9507e\COMCTL32.dll
0x00007ffdb7920000 - 0x00007ffdb792a000 	C:\Windows\SYSTEM32\VERSION.dll
0x00007ffdc1130000 - 0x00007ffdc1160000 	C:\Windows\System32\IMM32.DLL
0x00007ffdb9700000 - 0x00007ffdb970c000 	C:\Program Files\Java\jdk-20\bin\vcruntime140_1.dll
0x00007ffd9dc70000 - 0x00007ffd9dcfe000 	C:\Program Files\Java\jdk-20\bin\msvcp140.dll
0x00007ffd93c80000 - 0x00007ffd94917000 	C:\Program Files\Java\jdk-20\bin\server\jvm.dll
0x00007ffdbd700000 - 0x00007ffdbd709000 	C:\Windows\SYSTEM32\WSOCK32.dll
0x00007ffdae030000 - 0x00007ffdae057000 	C:\Windows\SYSTEM32\WINMM.dll
0x00007ffdc2720000 - 0x00007ffdc278b000 	C:\Windows\System32\WS2_32.dll
0x00007ffdbdd40000 - 0x00007ffdbdd52000 	C:\Windows\SYSTEM32\kernel.appcore.dll
0x00007ffdb92e0000 - 0x00007ffdb92ea000 	C:\Program Files\Java\jdk-20\bin\jimage.dll
0x00007ffdac270000 - 0x00007ffdac454000 	C:\Windows\SYSTEM32\DBGHELP.DLL
0x00007ffdac230000 - 0x00007ffdac264000 	C:\Windows\SYSTEM32\dbgcore.DLL
0x00007ffdc07a0000 - 0x00007ffdc0822000 	C:\Windows\System32\bcryptPrimitives.dll
0x00007ffdb7f90000 - 0x00007ffdb7f9e000 	C:\Program Files\Java\jdk-20\bin\instrument.dll
0x00007ffdb1400000 - 0x00007ffdb1426000 	C:\Program Files\Java\jdk-20\bin\java.dll
0x00007ffd9b500000 - 0x00007ffd9b5d7000 	C:\Program Files\Java\jdk-20\bin\jsvml.dll
0x00007ffdc1160000 - 0x00007ffdc18a5000 	C:\Windows\System32\SHELL32.dll
0x00007ffdbdf40000 - 0x00007ffdbe6db000 	C:\Windows\SYSTEM32\windows.storage.dll
0x00007ffdc18b0000 - 0x00007ffdc1c04000 	C:\Windows\System32\combase.dll
0x00007ffdbf820000 - 0x00007ffdbf84e000 	C:\Windows\SYSTEM32\Wldp.dll
0x00007ffdc21e0000 - 0x00007ffdc228d000 	C:\Windows\System32\SHCORE.dll
0x00007ffdc0ca0000 - 0x00007ffdc0cf5000 	C:\Windows\System32\shlwapi.dll
0x00007ffdbfde0000 - 0x00007ffdbfe05000 	C:\Windows\SYSTEM32\profapi.dll
0x00007ffdb1590000 - 0x00007ffdb15a8000 	C:\Program Files\Java\jdk-20\bin\zip.dll
0x00007ffdb7ac0000 - 0x00007ffdb7ad3000 	C:\Program Files\Java\jdk-20\bin\net.dll
0x00007ffdb26e0000 - 0x00007ffdb27ea000 	C:\Windows\SYSTEM32\WINHTTP.dll
0x00007ffdbf580000 - 0x00007ffdbf5ea000 	C:\Windows\system32\mswsock.dll
0x00007ffdb1ae0000 - 0x00007ffdb1af6000 	C:\Program Files\Java\jdk-20\bin\nio.dll
0x00007ffdb1080000 - 0x00007ffdb109a000 	C:\Program Files\JetBrains\IntelliJ IDEA Community Edition 2023.2\bin\breakgen64.dll
0x00007ffdb8fe0000 - 0x00007ffdb8fe7000 	C:\Program Files\Java\jdk-20\bin\extnet.dll

dbghelp: loaded successfully - version: 4.0.5 - missing functions: none
symbol engine: initialized successfully - sym options: 0x614 - pdb path: .;C:\Program Files\Java\jdk-20\bin;C:\Windows\SYSTEM32;C:\Windows\WinSxS\amd64_microsoft.windows.common-controls_6595b64144ccf1df_6.0.19041.1110_none_60b5254171f9507e;C:\Program Files\Java\jdk-20\bin\server;C:\Program Files\JetBrains\IntelliJ IDEA Community Edition 2023.2\bin

VM Arguments:
jvm_args: -javaagent:C:\Program Files\JetBrains\IntelliJ IDEA Community Edition 2023.2\lib\idea_rt.jar=49496:C:\Program Files\JetBrains\IntelliJ IDEA Community Edition 2023.2\bin -Dfile.encoding=UTF-8 -Dsun.stdout.encoding=UTF-8 -Dsun.stderr.encoding=UTF-8 
java_command: com.geekster.Room.APP.RoomAppApplication
java_class_path (initial): C:\Users\LENOVO\Desktop\Spring boot notes\FS-11_SpringBoot\class-28-roomAPP-H2\Room-APP\target\classes;C:\Users\LENOVO\.m2\repository\org\springframework\boot\spring-boot-starter-data-jpa\3.1.3\spring-boot-starter-data-jpa-3.1.3.jar;C:\Users\LENOVO\.m2\repository\org\springframework\boot\spring-boot-starter-aop\3.1.3\spring-boot-starter-aop-3.1.3.jar;C:\Users\LENOVO\.m2\repository\org\springframework\spring-aop\6.0.11\spring-aop-6.0.11.jar;C:\Users\LENOVO\.m2\repository\org\aspectj\aspectjweaver\1.9.20\aspectjweaver-1.9.20.jar;C:\Users\LENOVO\.m2\repository\org\springframework\boot\spring-boot-starter-jdbc\3.1.3\spring-boot-starter-jdbc-3.1.3.jar;C:\Users\LENOVO\.m2\repository\com\zaxxer\HikariCP\5.0.1\HikariCP-5.0.1.jar;C:\Users\LENOVO\.m2\repository\org\springframework\spring-jdbc\6.0.11\spring-jdbc-6.0.11.jar;C:\Users\LENOVO\.m2\repository\org\hibernate\orm\hibernate-core\6.2.7.Final\hibernate-core-6.2.7.Final.jar;C:\Users\LENOVO\.m2\repository\jakarta\persistence\jakarta.persistence-api\3.1.0\jakarta.persistence-api-3.1.0.jar;C:\Users\LENOVO\.m2\repository\jakarta\transaction\jakarta.transaction-api\2.0.1\jakarta.transaction-api-2.0.1.jar;C:\Users\LENOVO\.m2\repository\org\jboss\logging\jboss-logging\3.5.3.Final\jboss-logging-3.5.3.Final.jar;C:\Users\LENOVO\.m2\repository\org\hibernate\common\hibernate-commons-annotations\6.0.6.Final\hibernate-commons-annotations-6.0.6.Final.jar;C:\Users\LENOVO\.m2\repository\io\smallrye\jandex\3.0.5\jandex-3.0.5.jar;C:\Users\LENOVO\.m2\repository\com\fasterxml\classmate\1.5.1\classmate-1.5.1.jar;C:\Users\LENOVO\.m2\repository\net\bytebuddy\byte-buddy\1.14.6\byte-buddy-1.14.6.jar;C:\Users\LENOVO\.m2\repository\org\glassfish\jaxb\jaxb-runtime\4.0.3\jaxb-runtime-4.0.3.jar;C:\Users\LENOVO\.m2\repository\org\glassfish\jaxb\jaxb-core\4.0.3\jaxb-core-4.0.3.jar;C:\Users\LENOVO\.m2\repository\org\eclipse\angus\angus-activation\2.0.1\angus-activation-2.0.1.jar;C:\Users\LENOVO\.m2\repository\org\glassfish\jaxb\txw2\4.0.3\txw2-4.0.3.jar;C:\Users\LENOVO\.m2\repository\com\sun\istack\istack-commons-runtime\4.1.2\istack-commons-runtime-4.1.2.jar;C:\Users\LENOVO\.m2\repository\jakarta\inject\jakarta.inject-api\2.0.1\jakarta.inject-api-2.0.1.jar;C:\Users\LENOVO\.m2\repository\org\antlr\antlr4-runtime\4.10.1\antlr4-runtime-4.10.1.jar;C:\Users\LENOVO\.m2\repository\org\springframework\data\spring-data-jpa\3.1.3\spring-data-jpa-3.1.3.jar;C:\Users\LENOVO\.m2\repository\org\springframework\data\spring-data-commons\3.1.3\spring-data-commons-3.1.3.jar;C:\Users\LENOVO\.m2\repository\org\springframework\spring-orm\6.0.11\spring-orm-6.0.11.jar;C:\Users\LENOVO\.m2\repository\org\springframework\spring-context\6.0.11\spring-context-6.0.11.jar;C:\Users\LENOVO\.m2\repository\org\springframework\spring-tx\6.0.11\spring-tx-6.0.11.jar;C:\Users\LENOVO\.m2\repository\org\springframework\spring-beans\6.0.11\spring-beans-6.0.11.jar;C:\Users\LENOVO\.m2\repository\jakarta\annotation\jakarta.annotation-api\2.1.1\jakarta.annotation-api-2.1.1.jar;C:\Users\LENOVO\.m2\repository\org\slf4j\slf4j-api\2.0.7\slf4j-api-2.0.7.jar;C:\Users\LENOVO\.m2\repository\org\springframework\spring-aspects\6.0.11\spring-aspects-6.0.11.jar;C:\Users\LENOVO\.m2\repository\org\springframework\boot\spring-boot-starter-validation\3.1.3\spring-boot-starter-validation-3.1.3.jar;C:\Users\LENOVO\.m2\repository\org\springframework\boot\spring-boot-starter\3.1.3\spring-boot-starter-3.1.3.jar;C:\Users\LENOVO\.m2\repository\org\springframework\boot\spring-boot\3.1.3\spring-boot-3.1.3.jar;C:\Users\LENOVO\.m2\repository\org\springframework\boot\spring-boot-autoconfigure\3.1.3\spring-boot-autoconfigure-3.1.3.jar;C:\Users\LENOVO\.m2\repository\org\springframework\boot\spring-boot-starter-logging\3.1.3\spring-boot-starter-logging-3.1.3.jar;C:\Users\LENOVO\.m2\repository\ch\qos\logback\logback-classic\1.4.11\logback-classic-1.4.11.jar;C:\Users\LENOVO\.m2\repository\ch\qos\logback\logback-core\1.4.11\logback-core-1.4.11.jar;C:\Users\LENOVO\.m2\repository\org\apache\logging\log4j\log4j-to-slf4j\2.20.0\log4j-to-slf4j-2.20.0.jar;C:\Users\LENOVO\.m2\repository\org\apache\logging\log4j\log4j-api\2.20.0\log4j-api-2.20.0.jar;C:\Users\LENOVO\.m2\repository\org\slf4j\jul-to-slf4j\2.0.7\jul-to-slf4j-2.0.7.jar;C:\Users\LENOVO\.m2\repository\org\yaml\snakeyaml\1.33\snakeyaml-1.33.jar;C:\Users\LENOVO\.m2\repository\org\apache\tomcat\embed\tomcat-embed-el\10.1.12\tomcat-embed-el-10.1.12.jar;C:\Users\LENOVO\.m2\repository\org\hibernate\validator\hibernate-validator\8.0.1.Final\hibernate-validator-8.0.1.Final.jar;C:\Users\LENOVO\.m2\repository\jakarta\validation\jakarta.validation-api\3.0.2\jakarta.validation-api-3.0.2.jar;C:\Users\LENOVO\.m2\repository\org\springframework\boot\spring-boot-starter-web\3.1.3\spring-boot-starter-web-3.1.3.jar;C:\Users\LENOVO\.m2\repository\org\springframework\boot\spring-boot-starter-json\3.1.3\spring-boot-starter-json-3.1.3.jar;C:\Users\LENOVO\.m2\repository\com\fasterxml\jackson\core\jackson-databind\2.15.2\jackson-databind-2.15.2.jar;C:\Users\LENOVO\.m2\repository\com\fasterxml\jackson\core\jackson-annotations\2.15.2\jackson-annotations-2.15.2.jar;C:\Users\LENOVO\.m2\repository\com\fasterxml\jackson\core\jackson-core\2.15.2\jackson-core-2.15.2.jar;C:\Users\LENOVO\.m2\repository\com\fasterxml\jackson\datatype\jackson-datatype-jdk8\2.15.2\jackson-datatype-jdk8-2.15.2.jar;C:\Users\LENOVO\.m2\repository\com\fasterxml\jackson\datatype\jackson-datatype-jsr310\2.15.2\jackson-datatype-jsr310-2.15.2.jar;C:\Users\LENOVO\.m2\repository\com\fasterxml\jackson\module\jackson-module-parameter-names\2.15.2\jackson-module-parameter-names-2.15.2.jar;C:\Users\LENOVO\.m2\repository\org\springframework\boot\spring-boot-starter-tomcat\3.1.3\spring-boot-starter-tomcat-3.1.3.jar;C:\Users\LENOVO\.m2\repository\org\apache\tomcat\embed\tomcat-embed-core\10.1.12\tomcat-embed-core-10.1.12.jar;C:\Users\LENOVO\.m2\repository\org\apache\tomcat\embed\tomcat-embed-websocket\10.1.12\tomcat-embed-websocket-10.1.12.jar;C:\Users\LENOVO\.m2\repository\org\springframework\spring-web\6.0.11\spring-web-6.0.11.jar;C:\Users\LENOVO\.m2\repository\io\micrometer\micrometer-observation\1.11.3\micrometer-observation-1.11.3.jar;C:\Users\LENOVO\.m2\repository\io\micrometer\micrometer-commons\1.11.3\micrometer-commons-1.11.3.jar;C:\Users\LENOVO\.m2\repository\org\springframework\spring-webmvc\6.0.11\spring-webmvc-6.0.11.jar;C:\Users\LENOVO\.m2\repository\org\springframework\spring-expression\6.0.11\spring-expression-6.0.11.jar;C:\Users\LENOVO\.m2\repository\com\h2database\h2\2.1.214\h2-2.1.214.jar;C:\Users\LENOVO\.m2\repository\org\projectlombok\lombok\1.18.28\lombok-1.18.28.jar;C:\Users\LENOVO\.m2\repository\jakarta\xml\bind\jakarta.xml.bind-api\4.0.0\jakarta.xml.bind-api-4.0.0.jar;C:\Users\LENOVO\.m2\repository\jakarta\activation\jakarta.activation-api\2.1.2\jakarta.activation-api-2.1.2.jar;C:\Users\LENOVO\.m2\repository\org\springframework\spring-core\6.0.11\spring-core-6.0.11.jar;C:\Users\LENOVO\.m2\repository\org\springframework\spring-jcl\6.0.11\spring-jcl-6.0.11.jar
Launcher Type: SUN_STANDARD

[Global flags]
     intx CICompilerCount                          = 3                                         {product} {ergonomic}
     uint ConcGCThreads                            = 1                                         {product} {ergonomic}
     uint G1ConcRefinementThreads                  = 4                                         {product} {ergonomic}
   size_t G1HeapRegionSize                         = 1048576                                   {product} {ergonomic}
    uintx GCDrainStackTargetSize                   = 64                                        {product} {ergonomic}
   size_t InitialHeapSize                          = 65011712                                  {product} {ergonomic}
   size_t MarkStackSize                            = 4194304                                   {product} {ergonomic}
   size_t MaxHeapSize                              = 1040187392                                {product} {ergonomic}
   size_t MaxNewSize                               = 623902720                                 {product} {ergonomic}
   size_t MinHeapDeltaBytes                        = 1048576                                   {product} {ergonomic}
   size_t MinHeapSize                              = 8388608                                   {product} {ergonomic}
    uintx NonNMethodCodeHeapSize                   = 5832780                                {pd product} {ergonomic}
    uintx NonProfiledCodeHeapSize                  = 122912730                              {pd product} {ergonomic}
    uintx ProfiledCodeHeapSize                     = 122912730                              {pd product} {ergonomic}
    uintx ReservedCodeCacheSize                    = 251658240                              {pd product} {ergonomic}
     bool SegmentedCodeCache                       = true                                      {product} {ergonomic}
   size_t SoftMaxHeapSize                          = 1040187392                             {manageable} {ergonomic}
     bool UseCompressedClassPointers               = true                           {product lp64_product} {ergonomic}
     bool UseCompressedOops                        = true                           {product lp64_product} {ergonomic}
     bool UseG1GC                                  = true                                      {product} {ergonomic}
     bool UseLargePagesIndividualAllocation        = false                                  {pd product} {ergonomic}

Logging:
Log output configuration:
 #0: stdout all=warning uptime,level,tags foldmultilines=false
 #1: stderr all=off uptime,level,tags foldmultilines=false

Environment Variables:
JAVA_HOME=C:\Users\LENOVO\AppData\Local\Programs\Eclipse Adoptium\jdk-17.0.7.7-hotspot\
PATH=C:\Program Files\Common Files\Oracle\Java\javapath;C:\Windows\system32;C:\Windows;C:\Windows\System32\Wbem;C:\Windows\System32\WindowsPowerShell\v1.0\;C:\Windows\System32\OpenSSH\;C:\Program Files\Java\jdk-20\bin;C:\Program Files\Git\cmd;C:\Users\LENOVO\AppData\Local\Programs\Eclipse Adoptium\jdk-17.0.7.7-hotspot\bin;C:\Users\LENOVO\AppData\Local\Microsoft\WindowsApps;C:\Users\LENOVO\AppData\Local\Programs\Microsoft VS Code\bin;C:\Program Files\Java\jdk-20\bin;;C:\Program Files\JetBrains\IntelliJ IDEA Community Edition 2023.2\bin;
USERNAME=LENOVO
OS=Windows_NT
PROCESSOR_IDENTIFIER=Intel64 Family 6 Model 142 Stepping 10, GenuineIntel
TMP=C:\Users\LENOVO\AppData\Local\Temp
TEMP=C:\Users\LENOVO\AppData\Local\Temp




---------------  S Y S T E M  ---------------

OS:
 Windows 10 , 64 bit Build 19041 (10.0.19041.3393)
OS uptime: 4 days 3:58 hours

CPU: total 4 (initial active 4) (2 cores per cpu, 2 threads per core) family 6 model 142 stepping 10 microcode 0xb4, cx8, cmov, fxsr, ht, mmx, 3dnowpref, sse, sse2, sse3, ssse3, sse4.1, sse4.2, popcnt, lzcnt, tsc, tscinvbit, avx, avx2, aes, erms, clmul, bmi1, bmi2, adx, fma, vzeroupper, clflush, clflushopt, rdtscp, f16c

Memory: 4k page, system-wide physical 3962M (336M free)
TotalPageFile size 8058M (AvailPageFile size 0M)
current process WorkingSet (physical memory assigned to process): 51M, peak: 51M
current process commit charge ("private bytes"): 140M, peak: 140M

vm_info: Java HotSpot(TM) 64-Bit Server VM (20.0.1+9-29) for windows-amd64 JRE (20.0.1+9-29), built on 2023-03-07T13:56:11Z by "mach5one" with MS VC++ 17.1 (VS2022)

END.
